2021-12-12 14:59:35,375 ----------------------------------------------------------------------------------------------------
2021-12-12 14:59:35,376 Model: "SequenceTagger(
  (embeddings): StackedEmbeddings(
    (list_embedding_0): WordEmbeddings(
      'glove'
      (embedding): Embedding(400001, 100)
    )
    (list_embedding_1): FlairEmbeddings(
      (lm): LanguageModel(
        (drop): Dropout(p=0.05, inplace=False)
        (encoder): Embedding(300, 100)
        (rnn): LSTM(100, 2048)
        (decoder): Linear(in_features=2048, out_features=300, bias=True)
      )
    )
    (list_embedding_2): FlairEmbeddings(
      (lm): LanguageModel(
        (drop): Dropout(p=0.05, inplace=False)
        (encoder): Embedding(300, 100)
        (rnn): LSTM(100, 2048)
        (decoder): Linear(in_features=2048, out_features=300, bias=True)
      )
    )
  )
  (word_dropout): WordDropout(p=0.05)
  (locked_dropout): LockedDropout(p=0.5)
  (embedding2nn): Linear(in_features=4196, out_features=4196, bias=True)
  (rnn): LSTM(4196, 256, batch_first=True, bidirectional=True)
  (linear): Linear(in_features=512, out_features=19, bias=True)
  (beta): 1.0
  (weights): None
  (weight_tensor) None
)"
2021-12-12 14:59:35,377 ----------------------------------------------------------------------------------------------------
2021-12-12 14:59:35,378 Corpus: "Corpus: 70 train + 15 dev + 15 test sentences"
2021-12-12 14:59:35,379 ----------------------------------------------------------------------------------------------------
2021-12-12 14:59:35,379 Parameters:
2021-12-12 14:59:35,380  - learning_rate: "0.1"
2021-12-12 14:59:35,381  - mini_batch_size: "1"
2021-12-12 14:59:35,382  - patience: "3"
2021-12-12 14:59:35,383  - anneal_factor: "0.5"
2021-12-12 14:59:35,384  - max_epochs: "60"
2021-12-12 14:59:35,385  - shuffle: "True"
2021-12-12 14:59:35,387  - train_with_dev: "False"
2021-12-12 14:59:35,387  - batch_growth_annealing: "False"
2021-12-12 14:59:35,388 ----------------------------------------------------------------------------------------------------
2021-12-12 14:59:35,389 Model training base path: "resources/taggers/sota-ner-flair"
2021-12-12 14:59:35,389 ----------------------------------------------------------------------------------------------------
2021-12-12 14:59:35,390 Device: cuda:0
2021-12-12 14:59:35,391 ----------------------------------------------------------------------------------------------------
2021-12-12 14:59:35,394 Embeddings storage mode: cpu
2021-12-12 14:59:35,395 ----------------------------------------------------------------------------------------------------
2021-12-12 15:00:17,749 epoch 1 - iter 7/70 - loss 2.14167246 - samples/sec: 0.17 - lr: 0.100000
2021-12-12 15:00:44,080 epoch 1 - iter 14/70 - loss 1.55019102 - samples/sec: 0.27 - lr: 0.100000
2021-12-12 15:01:12,908 epoch 1 - iter 21/70 - loss 1.27913483 - samples/sec: 0.24 - lr: 0.100000
2021-12-12 15:01:58,393 epoch 1 - iter 28/70 - loss 0.97244132 - samples/sec: 0.15 - lr: 0.100000
2021-12-12 15:02:24,895 epoch 1 - iter 35/70 - loss 0.88144646 - samples/sec: 0.26 - lr: 0.100000
2021-12-12 15:02:44,984 epoch 1 - iter 42/70 - loss 0.85724833 - samples/sec: 0.35 - lr: 0.100000
2021-12-12 15:03:02,607 epoch 1 - iter 49/70 - loss 0.82337106 - samples/sec: 0.40 - lr: 0.100000
2021-12-12 15:03:27,101 epoch 1 - iter 56/70 - loss 0.78028223 - samples/sec: 0.29 - lr: 0.100000
2021-12-12 15:04:13,543 epoch 1 - iter 63/70 - loss 0.69989480 - samples/sec: 0.15 - lr: 0.100000
2021-12-12 15:04:37,671 epoch 1 - iter 70/70 - loss 0.67894089 - samples/sec: 0.29 - lr: 0.100000
2021-12-12 15:04:37,673 ----------------------------------------------------------------------------------------------------
2021-12-12 15:04:37,676 EPOCH 1 done: loss 0.6789 - lr 0.1000000
2021-12-12 15:05:53,767 DEV : loss 0.2758590877056122 - f1-score (micro avg)  0.0
2021-12-12 15:05:53,791 BAD EPOCHS (no improvement): 0
2021-12-12 15:05:53,794 ----------------------------------------------------------------------------------------------------
2021-12-12 15:05:56,146 epoch 2 - iter 7/70 - loss 0.32298566 - samples/sec: 2.98 - lr: 0.100000
2021-12-12 15:05:59,725 epoch 2 - iter 14/70 - loss 0.23760953 - samples/sec: 1.96 - lr: 0.100000
2021-12-12 15:06:02,687 epoch 2 - iter 21/70 - loss 0.25129050 - samples/sec: 2.37 - lr: 0.100000
2021-12-12 15:06:05,112 epoch 2 - iter 28/70 - loss 0.25939553 - samples/sec: 2.89 - lr: 0.100000
2021-12-12 15:06:08,191 epoch 2 - iter 35/70 - loss 0.25521315 - samples/sec: 2.27 - lr: 0.100000
2021-12-12 15:06:11,201 epoch 2 - iter 42/70 - loss 0.25549063 - samples/sec: 2.33 - lr: 0.100000
2021-12-12 15:06:14,570 epoch 2 - iter 49/70 - loss 0.25240844 - samples/sec: 2.08 - lr: 0.100000
2021-12-12 15:06:15,401 epoch 2 - iter 56/70 - loss 0.26456613 - samples/sec: 8.44 - lr: 0.100000
2021-12-12 15:06:18,541 epoch 2 - iter 63/70 - loss 0.26829718 - samples/sec: 2.23 - lr: 0.100000
2021-12-12 15:06:21,025 epoch 2 - iter 70/70 - loss 0.27026873 - samples/sec: 2.82 - lr: 0.100000
2021-12-12 15:06:21,028 ----------------------------------------------------------------------------------------------------
2021-12-12 15:06:21,028 EPOCH 2 done: loss 0.2703 - lr 0.1000000
2021-12-12 15:06:23,357 DEV : loss 0.17588183283805847 - f1-score (micro avg)  0.0
2021-12-12 15:06:23,383 BAD EPOCHS (no improvement): 0
2021-12-12 15:06:23,384 ----------------------------------------------------------------------------------------------------
2021-12-12 15:06:28,080 epoch 3 - iter 7/70 - loss 0.16443494 - samples/sec: 1.49 - lr: 0.100000
2021-12-12 15:06:30,943 epoch 3 - iter 14/70 - loss 0.18254890 - samples/sec: 2.45 - lr: 0.100000
2021-12-12 15:06:33,559 epoch 3 - iter 21/70 - loss 0.22463912 - samples/sec: 2.68 - lr: 0.100000
2021-12-12 15:06:35,618 epoch 3 - iter 28/70 - loss 0.23062162 - samples/sec: 3.40 - lr: 0.100000
2021-12-12 15:06:38,633 epoch 3 - iter 35/70 - loss 0.22348083 - samples/sec: 2.32 - lr: 0.100000
2021-12-12 15:06:40,816 epoch 3 - iter 42/70 - loss 0.23670180 - samples/sec: 3.21 - lr: 0.100000
2021-12-12 15:06:43,724 epoch 3 - iter 49/70 - loss 0.22965688 - samples/sec: 2.41 - lr: 0.100000
2021-12-12 15:06:46,214 epoch 3 - iter 56/70 - loss 0.23844413 - samples/sec: 2.81 - lr: 0.100000
2021-12-12 15:06:48,067 epoch 3 - iter 63/70 - loss 0.23343112 - samples/sec: 3.78 - lr: 0.100000
2021-12-12 15:06:49,510 epoch 3 - iter 70/70 - loss 0.23821081 - samples/sec: 4.86 - lr: 0.100000
2021-12-12 15:06:49,511 ----------------------------------------------------------------------------------------------------
2021-12-12 15:06:49,512 EPOCH 3 done: loss 0.2382 - lr 0.1000000
2021-12-12 15:06:52,072 DEV : loss 0.15254423022270203 - f1-score (micro avg)  0.2368
2021-12-12 15:06:52,098 BAD EPOCHS (no improvement): 0
2021-12-12 15:06:52,099 saving best model
2021-12-12 15:06:53,745 ----------------------------------------------------------------------------------------------------
2021-12-12 15:06:56,276 epoch 4 - iter 7/70 - loss 0.26996607 - samples/sec: 2.81 - lr: 0.100000
2021-12-12 15:06:58,886 epoch 4 - iter 14/70 - loss 0.23791710 - samples/sec: 2.68 - lr: 0.100000
2021-12-12 15:07:00,900 epoch 4 - iter 21/70 - loss 0.32720261 - samples/sec: 3.48 - lr: 0.100000
2021-12-12 15:07:02,937 epoch 4 - iter 28/70 - loss 0.32583032 - samples/sec: 3.44 - lr: 0.100000
2021-12-12 15:07:04,537 epoch 4 - iter 35/70 - loss 0.31250218 - samples/sec: 4.38 - lr: 0.100000
2021-12-12 15:07:09,200 epoch 4 - iter 42/70 - loss 0.25770076 - samples/sec: 1.50 - lr: 0.100000
2021-12-12 15:07:11,720 epoch 4 - iter 49/70 - loss 0.25165342 - samples/sec: 2.78 - lr: 0.100000
2021-12-12 15:07:13,706 epoch 4 - iter 56/70 - loss 0.24837476 - samples/sec: 3.53 - lr: 0.100000
2021-12-12 15:07:18,217 epoch 4 - iter 63/70 - loss 0.23172735 - samples/sec: 1.55 - lr: 0.100000
2021-12-12 15:07:22,311 epoch 4 - iter 70/70 - loss 0.21835900 - samples/sec: 1.71 - lr: 0.100000
2021-12-12 15:07:22,313 ----------------------------------------------------------------------------------------------------
2021-12-12 15:07:22,314 EPOCH 4 done: loss 0.2184 - lr 0.1000000
2021-12-12 15:07:24,899 DEV : loss 0.10970120877027512 - f1-score (micro avg)  0.2258
2021-12-12 15:07:24,924 BAD EPOCHS (no improvement): 1
2021-12-12 15:07:24,925 ----------------------------------------------------------------------------------------------------
2021-12-12 15:07:28,194 epoch 5 - iter 7/70 - loss 0.14281425 - samples/sec: 2.14 - lr: 0.100000
2021-12-12 15:07:30,031 epoch 5 - iter 14/70 - loss 0.20820003 - samples/sec: 3.81 - lr: 0.100000
2021-12-12 15:07:34,138 epoch 5 - iter 21/70 - loss 0.18378380 - samples/sec: 1.70 - lr: 0.100000
2021-12-12 15:07:36,307 epoch 5 - iter 28/70 - loss 0.18337520 - samples/sec: 3.23 - lr: 0.100000
2021-12-12 15:07:40,860 epoch 5 - iter 35/70 - loss 0.16109099 - samples/sec: 1.54 - lr: 0.100000
2021-12-12 15:07:43,344 epoch 5 - iter 42/70 - loss 0.17532130 - samples/sec: 2.82 - lr: 0.100000
2021-12-12 15:07:46,660 epoch 5 - iter 49/70 - loss 0.17095287 - samples/sec: 2.11 - lr: 0.100000
2021-12-12 15:07:47,795 epoch 5 - iter 56/70 - loss 0.17860767 - samples/sec: 6.18 - lr: 0.100000
2021-12-12 15:07:50,348 epoch 5 - iter 63/70 - loss 0.17223003 - samples/sec: 2.75 - lr: 0.100000
2021-12-12 15:07:52,473 epoch 5 - iter 70/70 - loss 0.17426770 - samples/sec: 3.30 - lr: 0.100000
2021-12-12 15:07:52,476 ----------------------------------------------------------------------------------------------------
2021-12-12 15:07:52,477 EPOCH 5 done: loss 0.1743 - lr 0.1000000
2021-12-12 15:07:54,925 DEV : loss 0.11572287976741791 - f1-score (micro avg)  0.3426
2021-12-12 15:07:54,951 BAD EPOCHS (no improvement): 0
2021-12-12 15:07:54,953 saving best model
2021-12-12 15:07:56,639 ----------------------------------------------------------------------------------------------------
2021-12-12 15:07:59,646 epoch 6 - iter 7/70 - loss 0.19448441 - samples/sec: 3.13 - lr: 0.100000
2021-12-12 15:08:01,434 epoch 6 - iter 14/70 - loss 0.21182327 - samples/sec: 3.92 - lr: 0.100000
2021-12-12 15:08:04,662 epoch 6 - iter 21/70 - loss 0.22516858 - samples/sec: 2.17 - lr: 0.100000
2021-12-12 15:08:07,386 epoch 6 - iter 28/70 - loss 0.19410686 - samples/sec: 2.57 - lr: 0.100000
2021-12-12 15:08:10,980 epoch 6 - iter 35/70 - loss 0.18266227 - samples/sec: 1.95 - lr: 0.100000
2021-12-12 15:08:13,233 epoch 6 - iter 42/70 - loss 0.17948857 - samples/sec: 3.11 - lr: 0.100000
2021-12-12 15:08:15,421 epoch 6 - iter 49/70 - loss 0.17764338 - samples/sec: 3.20 - lr: 0.100000
2021-12-12 15:08:21,425 epoch 6 - iter 56/70 - loss 0.14953408 - samples/sec: 1.17 - lr: 0.100000
2021-12-12 15:08:22,977 epoch 6 - iter 63/70 - loss 0.15320920 - samples/sec: 4.52 - lr: 0.100000
2021-12-12 15:08:25,242 epoch 6 - iter 70/70 - loss 0.15589290 - samples/sec: 3.09 - lr: 0.100000
2021-12-12 15:08:25,243 ----------------------------------------------------------------------------------------------------
2021-12-12 15:08:25,244 EPOCH 6 done: loss 0.1559 - lr 0.1000000
2021-12-12 15:08:27,637 DEV : loss 0.1033688336610794 - f1-score (micro avg)  0.3333
2021-12-12 15:08:27,661 BAD EPOCHS (no improvement): 1
2021-12-12 15:08:27,662 ----------------------------------------------------------------------------------------------------
2021-12-12 15:08:31,184 epoch 7 - iter 7/70 - loss 0.14401688 - samples/sec: 1.99 - lr: 0.100000
2021-12-12 15:08:35,319 epoch 7 - iter 14/70 - loss 0.12531259 - samples/sec: 1.69 - lr: 0.100000
2021-12-12 15:08:38,136 epoch 7 - iter 21/70 - loss 0.12072514 - samples/sec: 2.49 - lr: 0.100000
2021-12-12 15:08:39,465 epoch 7 - iter 28/70 - loss 0.13293171 - samples/sec: 5.27 - lr: 0.100000
2021-12-12 15:08:40,413 epoch 7 - iter 35/70 - loss 0.14690322 - samples/sec: 7.39 - lr: 0.100000
2021-12-12 15:08:44,184 epoch 7 - iter 42/70 - loss 0.13441892 - samples/sec: 1.86 - lr: 0.100000
2021-12-12 15:08:46,829 epoch 7 - iter 49/70 - loss 0.13992500 - samples/sec: 2.65 - lr: 0.100000
2021-12-12 15:08:49,257 epoch 7 - iter 56/70 - loss 0.14151434 - samples/sec: 2.88 - lr: 0.100000
2021-12-12 15:08:52,902 epoch 7 - iter 63/70 - loss 0.13451888 - samples/sec: 1.92 - lr: 0.100000
2021-12-12 15:08:55,764 epoch 7 - iter 70/70 - loss 0.13582178 - samples/sec: 2.45 - lr: 0.100000
2021-12-12 15:08:55,765 ----------------------------------------------------------------------------------------------------
2021-12-12 15:08:55,766 EPOCH 7 done: loss 0.1358 - lr 0.1000000
2021-12-12 15:08:58,390 DEV : loss 0.0980672761797905 - f1-score (micro avg)  0.4
2021-12-12 15:08:58,414 BAD EPOCHS (no improvement): 0
2021-12-12 15:08:58,415 saving best model
2021-12-12 15:09:00,223 ----------------------------------------------------------------------------------------------------
2021-12-12 15:09:01,909 epoch 8 - iter 7/70 - loss 0.21155968 - samples/sec: 4.19 - lr: 0.100000
2021-12-12 15:09:06,209 epoch 8 - iter 14/70 - loss 0.14021963 - samples/sec: 1.63 - lr: 0.100000
2021-12-12 15:09:08,676 epoch 8 - iter 21/70 - loss 0.13710093 - samples/sec: 2.84 - lr: 0.100000
2021-12-12 15:09:12,000 epoch 8 - iter 28/70 - loss 0.14685633 - samples/sec: 2.11 - lr: 0.100000
2021-12-12 15:09:15,540 epoch 8 - iter 35/70 - loss 0.14122170 - samples/sec: 1.98 - lr: 0.100000
2021-12-12 15:09:16,998 epoch 8 - iter 42/70 - loss 0.14769043 - samples/sec: 4.81 - lr: 0.100000
2021-12-12 15:09:18,926 epoch 8 - iter 49/70 - loss 0.14473231 - samples/sec: 3.63 - lr: 0.100000
2021-12-12 15:09:20,624 epoch 8 - iter 56/70 - loss 0.14817953 - samples/sec: 4.12 - lr: 0.100000
2021-12-12 15:09:25,041 epoch 8 - iter 63/70 - loss 0.13606386 - samples/sec: 1.59 - lr: 0.100000
2021-12-12 15:09:28,227 epoch 8 - iter 70/70 - loss 0.13471777 - samples/sec: 2.20 - lr: 0.100000
2021-12-12 15:09:28,228 ----------------------------------------------------------------------------------------------------
2021-12-12 15:09:28,229 EPOCH 8 done: loss 0.1347 - lr 0.1000000
2021-12-12 15:09:30,632 DEV : loss 0.09030032902956009 - f1-score (micro avg)  0.4601
2021-12-12 15:09:30,657 BAD EPOCHS (no improvement): 0
2021-12-12 15:09:30,658 saving best model
2021-12-12 15:09:32,455 ----------------------------------------------------------------------------------------------------
2021-12-12 15:09:34,638 epoch 9 - iter 7/70 - loss 0.14703531 - samples/sec: 3.22 - lr: 0.100000
2021-12-12 15:09:37,157 epoch 9 - iter 14/70 - loss 0.15340068 - samples/sec: 2.78 - lr: 0.100000
2021-12-12 15:09:40,816 epoch 9 - iter 21/70 - loss 0.11171745 - samples/sec: 1.91 - lr: 0.100000
2021-12-12 15:09:45,235 epoch 9 - iter 28/70 - loss 0.09763369 - samples/sec: 1.58 - lr: 0.100000
2021-12-12 15:09:46,951 epoch 9 - iter 35/70 - loss 0.09968235 - samples/sec: 4.08 - lr: 0.100000
2021-12-12 15:09:50,502 epoch 9 - iter 42/70 - loss 0.09837148 - samples/sec: 1.97 - lr: 0.100000
2021-12-12 15:09:53,379 epoch 9 - iter 49/70 - loss 0.11064749 - samples/sec: 2.43 - lr: 0.100000
2021-12-12 15:09:56,426 epoch 9 - iter 56/70 - loss 0.10818546 - samples/sec: 2.30 - lr: 0.100000
2021-12-12 15:09:57,926 epoch 9 - iter 63/70 - loss 0.11356587 - samples/sec: 4.67 - lr: 0.100000
2021-12-12 15:09:59,798 epoch 9 - iter 70/70 - loss 0.12644954 - samples/sec: 3.74 - lr: 0.100000
2021-12-12 15:09:59,799 ----------------------------------------------------------------------------------------------------
2021-12-12 15:09:59,800 EPOCH 9 done: loss 0.1264 - lr 0.1000000
2021-12-12 15:10:02,203 DEV : loss 0.07734161615371704 - f1-score (micro avg)  0.4825
2021-12-12 15:10:02,228 BAD EPOCHS (no improvement): 0
2021-12-12 15:10:02,229 saving best model
2021-12-12 15:10:03,990 ----------------------------------------------------------------------------------------------------
2021-12-12 15:10:07,083 epoch 10 - iter 7/70 - loss 0.10473086 - samples/sec: 2.27 - lr: 0.100000
2021-12-12 15:10:10,226 epoch 10 - iter 14/70 - loss 0.09157967 - samples/sec: 2.23 - lr: 0.100000
2021-12-12 15:10:12,460 epoch 10 - iter 21/70 - loss 0.09799626 - samples/sec: 3.14 - lr: 0.100000
2021-12-12 15:10:15,022 epoch 10 - iter 28/70 - loss 0.10616183 - samples/sec: 2.73 - lr: 0.100000
2021-12-12 15:10:17,547 epoch 10 - iter 35/70 - loss 0.11065193 - samples/sec: 2.77 - lr: 0.100000
2021-12-12 15:10:20,306 epoch 10 - iter 42/70 - loss 0.11203210 - samples/sec: 2.54 - lr: 0.100000
2021-12-12 15:10:24,562 epoch 10 - iter 49/70 - loss 0.10254728 - samples/sec: 1.65 - lr: 0.100000
2021-12-12 15:10:26,595 epoch 10 - iter 56/70 - loss 0.10790814 - samples/sec: 3.44 - lr: 0.100000
2021-12-12 15:10:29,508 epoch 10 - iter 63/70 - loss 0.10737184 - samples/sec: 2.40 - lr: 0.100000
2021-12-12 15:10:32,031 epoch 10 - iter 70/70 - loss 0.10801809 - samples/sec: 2.78 - lr: 0.100000
2021-12-12 15:10:32,032 ----------------------------------------------------------------------------------------------------
2021-12-12 15:10:32,033 EPOCH 10 done: loss 0.1080 - lr 0.1000000
2021-12-12 15:10:34,643 DEV : loss 0.11775457113981247 - f1-score (micro avg)  0.3724
2021-12-12 15:10:34,669 BAD EPOCHS (no improvement): 1
2021-12-12 15:10:34,670 ----------------------------------------------------------------------------------------------------
2021-12-12 15:10:38,783 epoch 11 - iter 7/70 - loss 0.11076146 - samples/sec: 1.70 - lr: 0.100000
2021-12-12 15:10:41,194 epoch 11 - iter 14/70 - loss 0.12858366 - samples/sec: 2.91 - lr: 0.100000
2021-12-12 15:10:43,830 epoch 11 - iter 21/70 - loss 0.11930144 - samples/sec: 2.66 - lr: 0.100000
2021-12-12 15:10:45,226 epoch 11 - iter 28/70 - loss 0.12754591 - samples/sec: 5.03 - lr: 0.100000
2021-12-12 15:10:48,184 epoch 11 - iter 35/70 - loss 0.12051315 - samples/sec: 2.37 - lr: 0.100000
2021-12-12 15:10:51,805 epoch 11 - iter 42/70 - loss 0.11283930 - samples/sec: 1.93 - lr: 0.100000
2021-12-12 15:10:54,561 epoch 11 - iter 49/70 - loss 0.10924316 - samples/sec: 2.54 - lr: 0.100000
2021-12-12 15:10:58,122 epoch 11 - iter 56/70 - loss 0.10374378 - samples/sec: 1.97 - lr: 0.100000
2021-12-12 15:10:59,869 epoch 11 - iter 63/70 - loss 0.10444729 - samples/sec: 4.01 - lr: 0.100000
2021-12-12 15:11:02,815 epoch 11 - iter 70/70 - loss 0.10293378 - samples/sec: 2.38 - lr: 0.100000
2021-12-12 15:11:02,816 ----------------------------------------------------------------------------------------------------
2021-12-12 15:11:02,817 EPOCH 11 done: loss 0.1029 - lr 0.1000000
2021-12-12 15:11:05,208 DEV : loss 0.07649815827608109 - f1-score (micro avg)  0.5448
2021-12-12 15:11:05,230 BAD EPOCHS (no improvement): 0
2021-12-12 15:11:05,231 saving best model
2021-12-12 15:11:06,944 ----------------------------------------------------------------------------------------------------
2021-12-12 15:11:08,977 epoch 12 - iter 7/70 - loss 0.10134925 - samples/sec: 3.45 - lr: 0.100000
2021-12-12 15:11:11,127 epoch 12 - iter 14/70 - loss 0.11098369 - samples/sec: 3.26 - lr: 0.100000
2021-12-12 15:11:12,721 epoch 12 - iter 21/70 - loss 0.11514177 - samples/sec: 4.40 - lr: 0.100000
2021-12-12 15:11:15,992 epoch 12 - iter 28/70 - loss 0.10712828 - samples/sec: 2.14 - lr: 0.100000
2021-12-12 15:11:19,542 epoch 12 - iter 35/70 - loss 0.09680502 - samples/sec: 1.97 - lr: 0.100000
2021-12-12 15:11:22,258 epoch 12 - iter 42/70 - loss 0.09934594 - samples/sec: 2.58 - lr: 0.100000
2021-12-12 15:11:25,751 epoch 12 - iter 49/70 - loss 0.09867216 - samples/sec: 2.01 - lr: 0.100000
2021-12-12 15:11:27,443 epoch 12 - iter 56/70 - loss 0.10152904 - samples/sec: 4.14 - lr: 0.100000
2021-12-12 15:11:31,921 epoch 12 - iter 63/70 - loss 0.09968603 - samples/sec: 1.56 - lr: 0.100000
2021-12-12 15:11:34,795 epoch 12 - iter 70/70 - loss 0.09730053 - samples/sec: 2.44 - lr: 0.100000
2021-12-12 15:11:34,796 ----------------------------------------------------------------------------------------------------
2021-12-12 15:11:34,798 EPOCH 12 done: loss 0.0973 - lr 0.1000000
2021-12-12 15:11:37,231 DEV : loss 0.07763203978538513 - f1-score (micro avg)  0.4651
2021-12-12 15:11:37,255 BAD EPOCHS (no improvement): 1
2021-12-12 15:11:37,256 ----------------------------------------------------------------------------------------------------
2021-12-12 15:11:40,069 epoch 13 - iter 7/70 - loss 0.09157225 - samples/sec: 2.49 - lr: 0.100000
2021-12-12 15:11:44,909 epoch 13 - iter 14/70 - loss 0.09092241 - samples/sec: 1.45 - lr: 0.100000
2021-12-12 15:11:48,583 epoch 13 - iter 21/70 - loss 0.09137023 - samples/sec: 1.91 - lr: 0.100000
2021-12-12 15:11:50,125 epoch 13 - iter 28/70 - loss 0.09599731 - samples/sec: 4.55 - lr: 0.100000
2021-12-12 15:11:52,515 epoch 13 - iter 35/70 - loss 0.09859117 - samples/sec: 2.93 - lr: 0.100000
2021-12-12 15:11:55,238 epoch 13 - iter 42/70 - loss 0.10091693 - samples/sec: 2.57 - lr: 0.100000
2021-12-12 15:11:57,733 epoch 13 - iter 49/70 - loss 0.09983450 - samples/sec: 2.81 - lr: 0.100000
2021-12-12 15:12:00,814 epoch 13 - iter 56/70 - loss 0.09986309 - samples/sec: 2.27 - lr: 0.100000
2021-12-12 15:12:02,314 epoch 13 - iter 63/70 - loss 0.10266850 - samples/sec: 4.67 - lr: 0.100000
2021-12-12 15:12:04,969 epoch 13 - iter 70/70 - loss 0.10309581 - samples/sec: 2.64 - lr: 0.100000
2021-12-12 15:12:04,971 ----------------------------------------------------------------------------------------------------
2021-12-12 15:12:04,971 EPOCH 13 done: loss 0.1031 - lr 0.1000000
2021-12-12 15:12:07,570 DEV : loss 0.08468140661716461 - f1-score (micro avg)  0.4966
2021-12-12 15:12:07,593 BAD EPOCHS (no improvement): 2
2021-12-12 15:12:07,594 ----------------------------------------------------------------------------------------------------
2021-12-12 15:12:09,238 epoch 14 - iter 7/70 - loss 0.15484827 - samples/sec: 4.26 - lr: 0.100000
2021-12-12 15:12:11,744 epoch 14 - iter 14/70 - loss 0.11013132 - samples/sec: 2.80 - lr: 0.100000
2021-12-12 15:12:14,177 epoch 14 - iter 21/70 - loss 0.11494809 - samples/sec: 2.88 - lr: 0.100000
2021-12-12 15:12:19,430 epoch 14 - iter 28/70 - loss 0.08840342 - samples/sec: 1.33 - lr: 0.100000
2021-12-12 15:12:23,374 epoch 14 - iter 35/70 - loss 0.08446731 - samples/sec: 1.78 - lr: 0.100000
2021-12-12 15:12:25,819 epoch 14 - iter 42/70 - loss 0.08762476 - samples/sec: 2.87 - lr: 0.100000
2021-12-12 15:12:28,667 epoch 14 - iter 49/70 - loss 0.08603956 - samples/sec: 2.46 - lr: 0.100000
2021-12-12 15:12:31,274 epoch 14 - iter 56/70 - loss 0.08966697 - samples/sec: 2.69 - lr: 0.100000
2021-12-12 15:12:33,467 epoch 14 - iter 63/70 - loss 0.09178937 - samples/sec: 3.20 - lr: 0.100000
2021-12-12 15:12:35,861 epoch 14 - iter 70/70 - loss 0.09233091 - samples/sec: 2.93 - lr: 0.100000
2021-12-12 15:12:35,862 ----------------------------------------------------------------------------------------------------
2021-12-12 15:12:35,863 EPOCH 14 done: loss 0.0923 - lr 0.1000000
2021-12-12 15:12:38,175 DEV : loss 0.08738469332456589 - f1-score (micro avg)  0.5088
2021-12-12 15:12:38,199 BAD EPOCHS (no improvement): 3
2021-12-12 15:12:38,202 ----------------------------------------------------------------------------------------------------
2021-12-12 15:12:42,364 epoch 15 - iter 7/70 - loss 0.07728321 - samples/sec: 1.68 - lr: 0.100000
2021-12-12 15:12:44,572 epoch 15 - iter 14/70 - loss 0.08195573 - samples/sec: 3.17 - lr: 0.100000
2021-12-12 15:12:48,077 epoch 15 - iter 21/70 - loss 0.07446182 - samples/sec: 2.00 - lr: 0.100000
2021-12-12 15:12:51,785 epoch 15 - iter 28/70 - loss 0.07389215 - samples/sec: 1.89 - lr: 0.100000
2021-12-12 15:12:55,092 epoch 15 - iter 35/70 - loss 0.07849868 - samples/sec: 2.12 - lr: 0.100000
2021-12-12 15:12:56,262 epoch 15 - iter 42/70 - loss 0.08337205 - samples/sec: 5.99 - lr: 0.100000
2021-12-12 15:12:58,943 epoch 15 - iter 49/70 - loss 0.08229963 - samples/sec: 2.61 - lr: 0.100000
2021-12-12 15:13:00,066 epoch 15 - iter 56/70 - loss 0.08907882 - samples/sec: 6.24 - lr: 0.100000
2021-12-12 15:13:03,187 epoch 15 - iter 63/70 - loss 0.08936997 - samples/sec: 2.24 - lr: 0.100000
2021-12-12 15:13:05,299 epoch 15 - iter 70/70 - loss 0.08986132 - samples/sec: 3.32 - lr: 0.100000
2021-12-12 15:13:05,301 ----------------------------------------------------------------------------------------------------
2021-12-12 15:13:05,302 EPOCH 15 done: loss 0.0899 - lr 0.1000000
2021-12-12 15:13:07,670 DEV : loss 0.06982415914535522 - f1-score (micro avg)  0.5703
2021-12-12 15:13:07,696 BAD EPOCHS (no improvement): 0
2021-12-12 15:13:07,697 saving best model
2021-12-12 15:13:09,366 ----------------------------------------------------------------------------------------------------
2021-12-12 15:13:11,522 epoch 16 - iter 7/70 - loss 0.08333958 - samples/sec: 3.27 - lr: 0.100000
2021-12-12 15:13:13,761 epoch 16 - iter 14/70 - loss 0.07868200 - samples/sec: 3.13 - lr: 0.100000
2021-12-12 15:13:17,509 epoch 16 - iter 21/70 - loss 0.06412861 - samples/sec: 1.87 - lr: 0.100000
2021-12-12 15:13:19,605 epoch 16 - iter 28/70 - loss 0.07202490 - samples/sec: 3.35 - lr: 0.100000
2021-12-12 15:13:21,417 epoch 16 - iter 35/70 - loss 0.07477760 - samples/sec: 3.87 - lr: 0.100000
2021-12-12 15:13:24,545 epoch 16 - iter 42/70 - loss 0.07930782 - samples/sec: 2.24 - lr: 0.100000
2021-12-12 15:13:28,292 epoch 16 - iter 49/70 - loss 0.07571247 - samples/sec: 1.87 - lr: 0.100000
2021-12-12 15:13:31,125 epoch 16 - iter 56/70 - loss 0.07787837 - samples/sec: 2.47 - lr: 0.100000
2021-12-12 15:13:34,100 epoch 16 - iter 63/70 - loss 0.07593756 - samples/sec: 2.35 - lr: 0.100000
2021-12-12 15:13:36,963 epoch 16 - iter 70/70 - loss 0.07741021 - samples/sec: 2.45 - lr: 0.100000
2021-12-12 15:13:36,964 ----------------------------------------------------------------------------------------------------
2021-12-12 15:13:36,965 EPOCH 16 done: loss 0.0774 - lr 0.1000000
2021-12-12 15:13:39,539 DEV : loss 0.06155271828174591 - f1-score (micro avg)  0.5917
2021-12-12 15:13:39,563 BAD EPOCHS (no improvement): 0
2021-12-12 15:13:39,565 saving best model
2021-12-12 15:13:41,238 ----------------------------------------------------------------------------------------------------
2021-12-12 15:13:43,414 epoch 17 - iter 7/70 - loss 0.09144302 - samples/sec: 3.23 - lr: 0.100000
2021-12-12 15:13:46,146 epoch 17 - iter 14/70 - loss 0.08876369 - samples/sec: 2.56 - lr: 0.100000
2021-12-12 15:13:49,894 epoch 17 - iter 21/70 - loss 0.07505122 - samples/sec: 1.87 - lr: 0.100000
2021-12-12 15:13:52,617 epoch 17 - iter 28/70 - loss 0.07281646 - samples/sec: 2.57 - lr: 0.100000
2021-12-12 15:13:55,023 epoch 17 - iter 35/70 - loss 0.07680773 - samples/sec: 2.91 - lr: 0.100000
2021-12-12 15:13:57,928 epoch 17 - iter 42/70 - loss 0.07973185 - samples/sec: 2.41 - lr: 0.100000
2021-12-12 15:14:00,817 epoch 17 - iter 49/70 - loss 0.08138532 - samples/sec: 2.42 - lr: 0.100000
2021-12-12 15:14:02,899 epoch 17 - iter 56/70 - loss 0.08334761 - samples/sec: 3.36 - lr: 0.100000
2021-12-12 15:14:05,899 epoch 17 - iter 63/70 - loss 0.08247771 - samples/sec: 2.33 - lr: 0.100000
2021-12-12 15:14:08,982 epoch 17 - iter 70/70 - loss 0.08078756 - samples/sec: 2.27 - lr: 0.100000
2021-12-12 15:14:08,985 ----------------------------------------------------------------------------------------------------
2021-12-12 15:14:08,986 EPOCH 17 done: loss 0.0808 - lr 0.1000000
2021-12-12 15:14:11,445 DEV : loss 0.0616459958255291 - f1-score (micro avg)  0.6043
2021-12-12 15:14:11,468 BAD EPOCHS (no improvement): 0
2021-12-12 15:14:11,470 saving best model
2021-12-12 15:14:13,174 ----------------------------------------------------------------------------------------------------
2021-12-12 15:14:17,526 epoch 18 - iter 7/70 - loss 0.05819028 - samples/sec: 1.61 - lr: 0.100000
2021-12-12 15:14:21,869 epoch 18 - iter 14/70 - loss 0.05848746 - samples/sec: 1.61 - lr: 0.100000
2021-12-12 15:14:25,684 epoch 18 - iter 21/70 - loss 0.05861087 - samples/sec: 1.84 - lr: 0.100000
2021-12-12 15:14:28,489 epoch 18 - iter 28/70 - loss 0.06756805 - samples/sec: 2.50 - lr: 0.100000
2021-12-12 15:14:30,291 epoch 18 - iter 35/70 - loss 0.06908978 - samples/sec: 3.89 - lr: 0.100000
2021-12-12 15:14:32,582 epoch 18 - iter 42/70 - loss 0.07243681 - samples/sec: 3.06 - lr: 0.100000
2021-12-12 15:14:34,244 epoch 18 - iter 49/70 - loss 0.07768886 - samples/sec: 4.22 - lr: 0.100000
2021-12-12 15:14:36,065 epoch 18 - iter 56/70 - loss 0.07750882 - samples/sec: 3.85 - lr: 0.100000
2021-12-12 15:14:38,241 epoch 18 - iter 63/70 - loss 0.07984084 - samples/sec: 3.22 - lr: 0.100000
2021-12-12 15:14:41,220 epoch 18 - iter 70/70 - loss 0.07920347 - samples/sec: 2.35 - lr: 0.100000
2021-12-12 15:14:41,221 ----------------------------------------------------------------------------------------------------
2021-12-12 15:14:41,221 EPOCH 18 done: loss 0.0792 - lr 0.1000000
2021-12-12 15:14:43,645 DEV : loss 0.07121448218822479 - f1-score (micro avg)  0.5909
2021-12-12 15:14:43,671 BAD EPOCHS (no improvement): 1
2021-12-12 15:14:43,672 ----------------------------------------------------------------------------------------------------
2021-12-12 15:14:46,910 epoch 19 - iter 7/70 - loss 0.07178236 - samples/sec: 2.16 - lr: 0.100000
2021-12-12 15:14:50,345 epoch 19 - iter 14/70 - loss 0.06512854 - samples/sec: 2.04 - lr: 0.100000
2021-12-12 15:14:51,509 epoch 19 - iter 21/70 - loss 0.08033316 - samples/sec: 6.02 - lr: 0.100000
2021-12-12 15:14:53,742 epoch 19 - iter 28/70 - loss 0.08581428 - samples/sec: 3.14 - lr: 0.100000
2021-12-12 15:14:56,419 epoch 19 - iter 35/70 - loss 0.07915420 - samples/sec: 2.62 - lr: 0.100000
2021-12-12 15:15:02,213 epoch 19 - iter 42/70 - loss 0.06624308 - samples/sec: 1.21 - lr: 0.100000
2021-12-12 15:15:05,113 epoch 19 - iter 49/70 - loss 0.06596215 - samples/sec: 2.42 - lr: 0.100000
2021-12-12 15:15:06,497 epoch 19 - iter 56/70 - loss 0.06892005 - samples/sec: 5.06 - lr: 0.100000
2021-12-12 15:15:09,585 epoch 19 - iter 63/70 - loss 0.06991815 - samples/sec: 2.27 - lr: 0.100000
2021-12-12 15:15:12,229 epoch 19 - iter 70/70 - loss 0.07075854 - samples/sec: 2.65 - lr: 0.100000
2021-12-12 15:15:12,230 ----------------------------------------------------------------------------------------------------
2021-12-12 15:15:12,231 EPOCH 19 done: loss 0.0708 - lr 0.1000000
2021-12-12 15:15:14,747 DEV : loss 0.058687228709459305 - f1-score (micro avg)  0.6179
2021-12-12 15:15:14,770 BAD EPOCHS (no improvement): 0
2021-12-12 15:15:14,772 saving best model
2021-12-12 15:15:16,494 ----------------------------------------------------------------------------------------------------
2021-12-12 15:15:19,257 epoch 20 - iter 7/70 - loss 0.06621820 - samples/sec: 2.54 - lr: 0.100000
2021-12-12 15:15:23,050 epoch 20 - iter 14/70 - loss 0.06277717 - samples/sec: 1.85 - lr: 0.100000
2021-12-12 15:15:24,756 epoch 20 - iter 21/70 - loss 0.06430314 - samples/sec: 4.11 - lr: 0.100000
2021-12-12 15:15:26,395 epoch 20 - iter 28/70 - loss 0.07548930 - samples/sec: 4.27 - lr: 0.100000
2021-12-12 15:15:29,065 epoch 20 - iter 35/70 - loss 0.07407425 - samples/sec: 2.62 - lr: 0.100000
2021-12-12 15:15:31,575 epoch 20 - iter 42/70 - loss 0.07767478 - samples/sec: 2.79 - lr: 0.100000
2021-12-12 15:15:33,477 epoch 20 - iter 49/70 - loss 0.08002228 - samples/sec: 3.68 - lr: 0.100000
2021-12-12 15:15:36,320 epoch 20 - iter 56/70 - loss 0.07794276 - samples/sec: 2.46 - lr: 0.100000
2021-12-12 15:15:38,848 epoch 20 - iter 63/70 - loss 0.07916448 - samples/sec: 2.77 - lr: 0.100000
2021-12-12 15:15:43,563 epoch 20 - iter 70/70 - loss 0.07202481 - samples/sec: 1.49 - lr: 0.100000
2021-12-12 15:15:43,564 ----------------------------------------------------------------------------------------------------
2021-12-12 15:15:43,565 EPOCH 20 done: loss 0.0720 - lr 0.1000000
2021-12-12 15:15:45,970 DEV : loss 0.06451115757226944 - f1-score (micro avg)  0.6009
2021-12-12 15:15:45,993 BAD EPOCHS (no improvement): 1
2021-12-12 15:15:45,994 ----------------------------------------------------------------------------------------------------
2021-12-12 15:15:47,356 epoch 21 - iter 7/70 - loss 0.10224724 - samples/sec: 5.15 - lr: 0.100000
2021-12-12 15:15:50,666 epoch 21 - iter 14/70 - loss 0.08450830 - samples/sec: 2.12 - lr: 0.100000
2021-12-12 15:15:53,284 epoch 21 - iter 21/70 - loss 0.08413075 - samples/sec: 2.68 - lr: 0.100000
2021-12-12 15:15:57,579 epoch 21 - iter 28/70 - loss 0.06599908 - samples/sec: 1.63 - lr: 0.100000
2021-12-12 15:16:00,770 epoch 21 - iter 35/70 - loss 0.06575284 - samples/sec: 2.20 - lr: 0.100000
2021-12-12 15:16:03,912 epoch 21 - iter 42/70 - loss 0.06530344 - samples/sec: 2.23 - lr: 0.100000
2021-12-12 15:16:06,084 epoch 21 - iter 49/70 - loss 0.06640279 - samples/sec: 3.23 - lr: 0.100000
2021-12-12 15:16:08,386 epoch 21 - iter 56/70 - loss 0.06657247 - samples/sec: 3.05 - lr: 0.100000
2021-12-12 15:16:11,643 epoch 21 - iter 63/70 - loss 0.06931588 - samples/sec: 2.15 - lr: 0.100000
2021-12-12 15:16:14,310 epoch 21 - iter 70/70 - loss 0.06906790 - samples/sec: 2.63 - lr: 0.100000
2021-12-12 15:16:14,311 ----------------------------------------------------------------------------------------------------
2021-12-12 15:16:14,311 EPOCH 21 done: loss 0.0691 - lr 0.1000000
2021-12-12 15:16:16,777 DEV : loss 0.07552716881036758 - f1-score (micro avg)  0.5321
2021-12-12 15:16:16,802 BAD EPOCHS (no improvement): 2
2021-12-12 15:16:16,803 ----------------------------------------------------------------------------------------------------
2021-12-12 15:16:20,370 epoch 22 - iter 7/70 - loss 0.05319784 - samples/sec: 1.96 - lr: 0.100000
2021-12-12 15:16:23,362 epoch 22 - iter 14/70 - loss 0.05536407 - samples/sec: 2.34 - lr: 0.100000
2021-12-12 15:16:25,675 epoch 22 - iter 21/70 - loss 0.05527377 - samples/sec: 3.03 - lr: 0.100000
2021-12-12 15:16:27,956 epoch 22 - iter 28/70 - loss 0.05790444 - samples/sec: 3.07 - lr: 0.100000
2021-12-12 15:16:31,145 epoch 22 - iter 35/70 - loss 0.06037943 - samples/sec: 2.20 - lr: 0.100000
2021-12-12 15:16:32,418 epoch 22 - iter 42/70 - loss 0.06178296 - samples/sec: 5.50 - lr: 0.100000
2021-12-12 15:16:35,226 epoch 22 - iter 49/70 - loss 0.09286169 - samples/sec: 2.49 - lr: 0.100000
2021-12-12 15:16:37,981 epoch 22 - iter 56/70 - loss 0.08862967 - samples/sec: 2.54 - lr: 0.100000
2021-12-12 15:16:41,414 epoch 22 - iter 63/70 - loss 0.08618818 - samples/sec: 2.04 - lr: 0.100000
2021-12-12 15:16:43,818 epoch 22 - iter 70/70 - loss 0.08486676 - samples/sec: 2.91 - lr: 0.100000
2021-12-12 15:16:43,819 ----------------------------------------------------------------------------------------------------
2021-12-12 15:16:43,820 EPOCH 22 done: loss 0.0849 - lr 0.1000000
2021-12-12 15:16:46,391 DEV : loss 0.06084587424993515 - f1-score (micro avg)  0.5941
2021-12-12 15:16:46,415 BAD EPOCHS (no improvement): 3
2021-12-12 15:16:46,417 ----------------------------------------------------------------------------------------------------
2021-12-12 15:16:47,981 epoch 23 - iter 7/70 - loss 0.12660034 - samples/sec: 4.49 - lr: 0.100000
2021-12-12 15:16:51,293 epoch 23 - iter 14/70 - loss 0.07577014 - samples/sec: 2.11 - lr: 0.100000
2021-12-12 15:16:53,625 epoch 23 - iter 21/70 - loss 0.07511975 - samples/sec: 3.00 - lr: 0.100000
2021-12-12 15:16:54,782 epoch 23 - iter 28/70 - loss 0.07812944 - samples/sec: 6.06 - lr: 0.100000
2021-12-12 15:16:57,572 epoch 23 - iter 35/70 - loss 0.07966152 - samples/sec: 2.51 - lr: 0.100000
2021-12-12 15:17:00,398 epoch 23 - iter 42/70 - loss 0.07739533 - samples/sec: 2.48 - lr: 0.100000
2021-12-12 15:17:03,331 epoch 23 - iter 49/70 - loss 0.07806140 - samples/sec: 2.39 - lr: 0.100000
2021-12-12 15:17:06,310 epoch 23 - iter 56/70 - loss 0.07559880 - samples/sec: 2.35 - lr: 0.100000
2021-12-12 15:17:09,144 epoch 23 - iter 63/70 - loss 0.07368506 - samples/sec: 2.47 - lr: 0.100000
2021-12-12 15:17:13,458 epoch 23 - iter 70/70 - loss 0.06853201 - samples/sec: 1.62 - lr: 0.100000
2021-12-12 15:17:13,459 ----------------------------------------------------------------------------------------------------
2021-12-12 15:17:13,461 EPOCH 23 done: loss 0.0685 - lr 0.1000000
2021-12-12 15:17:15,935 DEV : loss 0.06398824602365494 - f1-score (micro avg)  0.6224
2021-12-12 15:17:15,960 BAD EPOCHS (no improvement): 0
2021-12-12 15:17:15,961 saving best model
2021-12-12 15:17:17,805 ----------------------------------------------------------------------------------------------------
2021-12-12 15:17:20,730 epoch 24 - iter 7/70 - loss 0.03037914 - samples/sec: 2.39 - lr: 0.100000
2021-12-12 15:17:24,246 epoch 24 - iter 14/70 - loss 0.04171200 - samples/sec: 1.99 - lr: 0.100000
2021-12-12 15:17:26,396 epoch 24 - iter 21/70 - loss 0.04900989 - samples/sec: 3.26 - lr: 0.100000
2021-12-12 15:17:29,126 epoch 24 - iter 28/70 - loss 0.04953356 - samples/sec: 2.57 - lr: 0.100000
2021-12-12 15:17:32,465 epoch 24 - iter 35/70 - loss 0.05216516 - samples/sec: 2.10 - lr: 0.100000
2021-12-12 15:17:36,535 epoch 24 - iter 42/70 - loss 0.05792531 - samples/sec: 1.72 - lr: 0.100000
2021-12-12 15:17:38,190 epoch 24 - iter 49/70 - loss 0.06192109 - samples/sec: 4.23 - lr: 0.100000
2021-12-12 15:17:40,186 epoch 24 - iter 56/70 - loss 0.06646274 - samples/sec: 3.51 - lr: 0.100000
2021-12-12 15:17:42,741 epoch 24 - iter 63/70 - loss 0.06563616 - samples/sec: 2.74 - lr: 0.100000
2021-12-12 15:17:45,241 epoch 24 - iter 70/70 - loss 0.06510903 - samples/sec: 2.80 - lr: 0.100000
2021-12-12 15:17:45,243 ----------------------------------------------------------------------------------------------------
2021-12-12 15:17:45,244 EPOCH 24 done: loss 0.0651 - lr 0.1000000
2021-12-12 15:17:47,611 DEV : loss 0.07102850079536438 - f1-score (micro avg)  0.569
2021-12-12 15:17:47,633 BAD EPOCHS (no improvement): 1
2021-12-12 15:17:47,635 ----------------------------------------------------------------------------------------------------
2021-12-12 15:17:51,516 epoch 25 - iter 7/70 - loss 0.04379239 - samples/sec: 1.80 - lr: 0.100000
2021-12-12 15:17:53,235 epoch 25 - iter 14/70 - loss 0.06261723 - samples/sec: 4.08 - lr: 0.100000
2021-12-12 15:17:56,222 epoch 25 - iter 21/70 - loss 0.06195698 - samples/sec: 2.34 - lr: 0.100000
2021-12-12 15:17:58,236 epoch 25 - iter 28/70 - loss 0.05987716 - samples/sec: 3.48 - lr: 0.100000
2021-12-12 15:18:01,144 epoch 25 - iter 35/70 - loss 0.05831308 - samples/sec: 2.41 - lr: 0.100000
2021-12-12 15:18:04,234 epoch 25 - iter 42/70 - loss 0.05585315 - samples/sec: 2.27 - lr: 0.100000
2021-12-12 15:18:06,992 epoch 25 - iter 49/70 - loss 0.05516982 - samples/sec: 2.54 - lr: 0.100000
2021-12-12 15:18:09,463 epoch 25 - iter 56/70 - loss 0.05645658 - samples/sec: 2.84 - lr: 0.100000
2021-12-12 15:18:12,738 epoch 25 - iter 63/70 - loss 0.05619778 - samples/sec: 2.14 - lr: 0.100000
2021-12-12 15:18:14,355 epoch 25 - iter 70/70 - loss 0.05830209 - samples/sec: 4.33 - lr: 0.100000
2021-12-12 15:18:14,356 ----------------------------------------------------------------------------------------------------
2021-12-12 15:18:14,357 EPOCH 25 done: loss 0.0583 - lr 0.1000000
2021-12-12 15:18:16,780 DEV : loss 0.06698889285326004 - f1-score (micro avg)  0.6264
2021-12-12 15:18:16,803 BAD EPOCHS (no improvement): 0
2021-12-12 15:18:16,804 saving best model
2021-12-12 15:18:19,086 ----------------------------------------------------------------------------------------------------
2021-12-12 15:18:21,191 epoch 26 - iter 7/70 - loss 0.08858611 - samples/sec: 3.33 - lr: 0.100000
2021-12-12 15:18:23,444 epoch 26 - iter 14/70 - loss 0.06949659 - samples/sec: 3.11 - lr: 0.100000
2021-12-12 15:18:26,575 epoch 26 - iter 21/70 - loss 0.07100049 - samples/sec: 2.24 - lr: 0.100000
2021-12-12 15:18:31,706 epoch 26 - iter 28/70 - loss 0.05589638 - samples/sec: 1.37 - lr: 0.100000
2021-12-12 15:18:34,127 epoch 26 - iter 35/70 - loss 0.05735063 - samples/sec: 2.89 - lr: 0.100000
2021-12-12 15:18:37,924 epoch 26 - iter 42/70 - loss 0.05560567 - samples/sec: 1.84 - lr: 0.100000
2021-12-12 15:18:40,478 epoch 26 - iter 49/70 - loss 0.05733055 - samples/sec: 2.74 - lr: 0.100000
2021-12-12 15:18:42,590 epoch 26 - iter 56/70 - loss 0.05656307 - samples/sec: 3.32 - lr: 0.100000
2021-12-12 15:18:45,500 epoch 26 - iter 63/70 - loss 0.05784274 - samples/sec: 2.41 - lr: 0.100000
2021-12-12 15:18:46,746 epoch 26 - iter 70/70 - loss 0.06138838 - samples/sec: 5.64 - lr: 0.100000
2021-12-12 15:18:46,747 ----------------------------------------------------------------------------------------------------
2021-12-12 15:18:46,747 EPOCH 26 done: loss 0.0614 - lr 0.1000000
2021-12-12 15:18:49,115 DEV : loss 0.06056464463472366 - f1-score (micro avg)  0.6008
2021-12-12 15:18:49,138 BAD EPOCHS (no improvement): 1
2021-12-12 15:18:49,140 ----------------------------------------------------------------------------------------------------
2021-12-12 15:18:52,280 epoch 27 - iter 7/70 - loss 0.06030517 - samples/sec: 2.23 - lr: 0.100000
2021-12-12 15:18:55,582 epoch 27 - iter 14/70 - loss 0.04805982 - samples/sec: 2.12 - lr: 0.100000
2021-12-12 15:18:59,946 epoch 27 - iter 21/70 - loss 0.04514904 - samples/sec: 1.60 - lr: 0.100000
2021-12-12 15:19:02,666 epoch 27 - iter 28/70 - loss 0.04599405 - samples/sec: 2.58 - lr: 0.100000
2021-12-12 15:19:04,652 epoch 27 - iter 35/70 - loss 0.04914472 - samples/sec: 3.53 - lr: 0.100000
2021-12-12 15:19:05,735 epoch 27 - iter 42/70 - loss 0.05276407 - samples/sec: 6.47 - lr: 0.100000
2021-12-12 15:19:07,393 epoch 27 - iter 49/70 - loss 0.05429702 - samples/sec: 4.23 - lr: 0.100000
2021-12-12 15:19:10,126 epoch 27 - iter 56/70 - loss 0.05400036 - samples/sec: 2.56 - lr: 0.100000
2021-12-12 15:19:14,416 epoch 27 - iter 63/70 - loss 0.05426824 - samples/sec: 1.63 - lr: 0.100000
2021-12-12 15:19:16,996 epoch 27 - iter 70/70 - loss 0.05740154 - samples/sec: 2.72 - lr: 0.100000
2021-12-12 15:19:16,997 ----------------------------------------------------------------------------------------------------
2021-12-12 15:19:16,997 EPOCH 27 done: loss 0.0574 - lr 0.1000000
2021-12-12 15:19:19,420 DEV : loss 0.06649736315011978 - f1-score (micro avg)  0.5514
2021-12-12 15:19:19,446 BAD EPOCHS (no improvement): 2
2021-12-12 15:19:19,447 ----------------------------------------------------------------------------------------------------
2021-12-12 15:19:21,476 epoch 28 - iter 7/70 - loss 0.08398402 - samples/sec: 3.45 - lr: 0.100000
2021-12-12 15:19:24,910 epoch 28 - iter 14/70 - loss 0.07047292 - samples/sec: 2.04 - lr: 0.100000
2021-12-12 15:19:27,305 epoch 28 - iter 21/70 - loss 0.06238184 - samples/sec: 2.93 - lr: 0.100000
2021-12-12 15:19:29,585 epoch 28 - iter 28/70 - loss 0.06580853 - samples/sec: 3.07 - lr: 0.100000
2021-12-12 15:19:31,160 epoch 28 - iter 35/70 - loss 0.07013347 - samples/sec: 4.45 - lr: 0.100000
2021-12-12 15:19:35,599 epoch 28 - iter 42/70 - loss 0.06499787 - samples/sec: 1.58 - lr: 0.100000
2021-12-12 15:19:39,471 epoch 28 - iter 49/70 - loss 0.05986105 - samples/sec: 1.81 - lr: 0.100000
2021-12-12 15:19:41,476 epoch 28 - iter 56/70 - loss 0.06062383 - samples/sec: 3.50 - lr: 0.100000
2021-12-12 15:19:44,001 epoch 28 - iter 63/70 - loss 0.05997955 - samples/sec: 2.77 - lr: 0.100000
2021-12-12 15:19:46,443 epoch 28 - iter 70/70 - loss 0.05928971 - samples/sec: 2.87 - lr: 0.100000
2021-12-12 15:19:46,445 ----------------------------------------------------------------------------------------------------
2021-12-12 15:19:46,446 EPOCH 28 done: loss 0.0593 - lr 0.1000000
2021-12-12 15:19:48,903 DEV : loss 0.05713025480508804 - f1-score (micro avg)  0.6166
2021-12-12 15:19:48,927 BAD EPOCHS (no improvement): 3
2021-12-12 15:19:48,928 ----------------------------------------------------------------------------------------------------
2021-12-12 15:19:51,186 epoch 29 - iter 7/70 - loss 0.08087615 - samples/sec: 3.10 - lr: 0.100000
2021-12-12 15:19:54,353 epoch 29 - iter 14/70 - loss 0.06167116 - samples/sec: 2.21 - lr: 0.100000
2021-12-12 15:19:55,622 epoch 29 - iter 21/70 - loss 0.06857460 - samples/sec: 5.53 - lr: 0.100000
2021-12-12 15:19:58,364 epoch 29 - iter 28/70 - loss 0.06367702 - samples/sec: 2.55 - lr: 0.100000
2021-12-12 15:20:01,460 epoch 29 - iter 35/70 - loss 0.05537973 - samples/sec: 2.26 - lr: 0.100000
2021-12-12 15:20:05,151 epoch 29 - iter 42/70 - loss 0.05110097 - samples/sec: 1.90 - lr: 0.100000
2021-12-12 15:20:07,079 epoch 29 - iter 49/70 - loss 0.05310485 - samples/sec: 3.63 - lr: 0.100000
2021-12-12 15:20:09,914 epoch 29 - iter 56/70 - loss 0.05490186 - samples/sec: 2.47 - lr: 0.100000
2021-12-12 15:20:12,501 epoch 29 - iter 63/70 - loss 0.05544594 - samples/sec: 2.71 - lr: 0.100000
2021-12-12 15:20:15,171 epoch 29 - iter 70/70 - loss 0.05688752 - samples/sec: 2.62 - lr: 0.100000
2021-12-12 15:20:15,172 ----------------------------------------------------------------------------------------------------
2021-12-12 15:20:15,172 EPOCH 29 done: loss 0.0569 - lr 0.1000000
2021-12-12 15:20:17,426 DEV : loss 0.06517475843429565 - f1-score (micro avg)  0.6174
2021-12-12 15:20:17,448 BAD EPOCHS (no improvement): 4
2021-12-12 15:20:17,450 ----------------------------------------------------------------------------------------------------
2021-12-12 15:20:20,556 epoch 30 - iter 7/70 - loss 0.03323022 - samples/sec: 2.25 - lr: 0.050000
2021-12-12 15:20:22,835 epoch 30 - iter 14/70 - loss 0.03726264 - samples/sec: 3.08 - lr: 0.050000
2021-12-12 15:20:25,741 epoch 30 - iter 21/70 - loss 0.04174172 - samples/sec: 2.41 - lr: 0.050000
2021-12-12 15:20:27,288 epoch 30 - iter 28/70 - loss 0.04661412 - samples/sec: 4.53 - lr: 0.050000
2021-12-12 15:20:30,126 epoch 30 - iter 35/70 - loss 0.04235079 - samples/sec: 2.47 - lr: 0.050000
2021-12-12 15:20:32,842 epoch 30 - iter 42/70 - loss 0.04282064 - samples/sec: 2.58 - lr: 0.050000
2021-12-12 15:20:34,886 epoch 30 - iter 49/70 - loss 0.04230529 - samples/sec: 3.43 - lr: 0.050000
2021-12-12 15:20:37,150 epoch 30 - iter 56/70 - loss 0.04542574 - samples/sec: 3.09 - lr: 0.050000
2021-12-12 15:20:40,421 epoch 30 - iter 63/70 - loss 0.04634064 - samples/sec: 2.14 - lr: 0.050000
2021-12-12 15:20:43,234 epoch 30 - iter 70/70 - loss 0.04680226 - samples/sec: 2.49 - lr: 0.050000
2021-12-12 15:20:43,235 ----------------------------------------------------------------------------------------------------
2021-12-12 15:20:43,235 EPOCH 30 done: loss 0.0468 - lr 0.0500000
2021-12-12 15:20:45,544 DEV : loss 0.06343383342027664 - f1-score (micro avg)  0.6347
2021-12-12 15:20:45,567 BAD EPOCHS (no improvement): 0
2021-12-12 15:20:45,568 saving best model
2021-12-12 15:20:47,233 ----------------------------------------------------------------------------------------------------
2021-12-12 15:20:50,736 epoch 31 - iter 7/70 - loss 0.03479006 - samples/sec: 2.00 - lr: 0.050000
2021-12-12 15:20:53,047 epoch 31 - iter 14/70 - loss 0.04829484 - samples/sec: 3.03 - lr: 0.050000
2021-12-12 15:20:56,131 epoch 31 - iter 21/70 - loss 0.04582407 - samples/sec: 2.27 - lr: 0.050000
2021-12-12 15:20:59,433 epoch 31 - iter 28/70 - loss 0.04135103 - samples/sec: 2.12 - lr: 0.050000
2021-12-12 15:21:00,491 epoch 31 - iter 35/70 - loss 0.04680164 - samples/sec: 6.62 - lr: 0.050000
2021-12-12 15:21:01,815 epoch 31 - iter 42/70 - loss 0.05193079 - samples/sec: 5.29 - lr: 0.050000
2021-12-12 15:21:04,559 epoch 31 - iter 49/70 - loss 0.04952729 - samples/sec: 2.55 - lr: 0.050000
2021-12-12 15:21:08,203 epoch 31 - iter 56/70 - loss 0.04957202 - samples/sec: 1.92 - lr: 0.050000
2021-12-12 15:21:10,990 epoch 31 - iter 63/70 - loss 0.04688567 - samples/sec: 2.51 - lr: 0.050000
2021-12-12 15:21:13,680 epoch 31 - iter 70/70 - loss 0.04718843 - samples/sec: 2.60 - lr: 0.050000
2021-12-12 15:21:13,681 ----------------------------------------------------------------------------------------------------
2021-12-12 15:21:13,682 EPOCH 31 done: loss 0.0472 - lr 0.0500000
2021-12-12 15:21:16,003 DEV : loss 0.059440433979034424 - f1-score (micro avg)  0.661
2021-12-12 15:21:16,026 BAD EPOCHS (no improvement): 0
2021-12-12 15:21:16,027 saving best model
2021-12-12 15:21:22,492 ----------------------------------------------------------------------------------------------------
2021-12-12 15:21:23,752 epoch 32 - iter 7/70 - loss 0.11405183 - samples/sec: 5.61 - lr: 0.050000
2021-12-12 15:21:26,349 epoch 32 - iter 14/70 - loss 0.05723656 - samples/sec: 2.70 - lr: 0.050000
2021-12-12 15:21:29,882 epoch 32 - iter 21/70 - loss 0.04927833 - samples/sec: 1.98 - lr: 0.050000
2021-12-12 15:21:33,201 epoch 32 - iter 28/70 - loss 0.04602704 - samples/sec: 2.11 - lr: 0.050000
2021-12-12 15:21:37,460 epoch 32 - iter 35/70 - loss 0.04416429 - samples/sec: 1.65 - lr: 0.050000
2021-12-12 15:21:39,869 epoch 32 - iter 42/70 - loss 0.04315062 - samples/sec: 2.91 - lr: 0.050000
2021-12-12 15:21:43,081 epoch 32 - iter 49/70 - loss 0.04167739 - samples/sec: 2.18 - lr: 0.050000
2021-12-12 15:21:46,092 epoch 32 - iter 56/70 - loss 0.04129134 - samples/sec: 2.33 - lr: 0.050000
2021-12-12 15:21:48,162 epoch 32 - iter 63/70 - loss 0.04188368 - samples/sec: 3.39 - lr: 0.050000
2021-12-12 15:21:50,860 epoch 32 - iter 70/70 - loss 0.04305730 - samples/sec: 2.60 - lr: 0.050000
2021-12-12 15:21:50,862 ----------------------------------------------------------------------------------------------------
2021-12-12 15:21:50,862 EPOCH 32 done: loss 0.0431 - lr 0.0500000
2021-12-12 15:21:53,339 DEV : loss 0.06269261986017227 - f1-score (micro avg)  0.6447
2021-12-12 15:21:53,364 BAD EPOCHS (no improvement): 1
2021-12-12 15:21:53,365 ----------------------------------------------------------------------------------------------------
2021-12-12 15:21:56,543 epoch 33 - iter 7/70 - loss 0.03606605 - samples/sec: 2.20 - lr: 0.050000
2021-12-12 15:22:00,013 epoch 33 - iter 14/70 - loss 0.03743626 - samples/sec: 2.02 - lr: 0.050000
2021-12-12 15:22:03,589 epoch 33 - iter 21/70 - loss 0.04266381 - samples/sec: 1.96 - lr: 0.050000
2021-12-12 15:22:05,040 epoch 33 - iter 28/70 - loss 0.04746759 - samples/sec: 4.83 - lr: 0.050000
2021-12-12 15:22:07,176 epoch 33 - iter 35/70 - loss 0.04748108 - samples/sec: 3.28 - lr: 0.050000
2021-12-12 15:22:09,212 epoch 33 - iter 42/70 - loss 0.04930129 - samples/sec: 3.44 - lr: 0.050000
2021-12-12 15:22:11,976 epoch 33 - iter 49/70 - loss 0.04950519 - samples/sec: 2.53 - lr: 0.050000
2021-12-12 15:22:14,998 epoch 33 - iter 56/70 - loss 0.04854255 - samples/sec: 2.32 - lr: 0.050000
2021-12-12 15:22:18,058 epoch 33 - iter 63/70 - loss 0.04796141 - samples/sec: 2.29 - lr: 0.050000
2021-12-12 15:22:20,188 epoch 33 - iter 70/70 - loss 0.04823538 - samples/sec: 3.29 - lr: 0.050000
2021-12-12 15:22:20,192 ----------------------------------------------------------------------------------------------------
2021-12-12 15:22:20,193 EPOCH 33 done: loss 0.0482 - lr 0.0500000
2021-12-12 15:22:22,771 DEV : loss 0.059172119945287704 - f1-score (micro avg)  0.6207
2021-12-12 15:22:22,797 BAD EPOCHS (no improvement): 2
2021-12-12 15:22:22,798 ----------------------------------------------------------------------------------------------------
2021-12-12 15:22:25,873 epoch 34 - iter 7/70 - loss 0.02787346 - samples/sec: 2.28 - lr: 0.050000
2021-12-12 15:22:28,639 epoch 34 - iter 14/70 - loss 0.02985989 - samples/sec: 2.53 - lr: 0.050000
2021-12-12 15:22:30,632 epoch 34 - iter 21/70 - loss 0.03565016 - samples/sec: 3.52 - lr: 0.050000
2021-12-12 15:22:33,270 epoch 34 - iter 28/70 - loss 0.03756853 - samples/sec: 2.65 - lr: 0.050000
2021-12-12 15:22:34,583 epoch 34 - iter 35/70 - loss 0.04254627 - samples/sec: 5.34 - lr: 0.050000
2021-12-12 15:22:36,776 epoch 34 - iter 42/70 - loss 0.04270692 - samples/sec: 3.19 - lr: 0.050000
2021-12-12 15:22:38,974 epoch 34 - iter 49/70 - loss 0.04331638 - samples/sec: 3.19 - lr: 0.050000
2021-12-12 15:22:41,506 epoch 34 - iter 56/70 - loss 0.04437887 - samples/sec: 2.77 - lr: 0.050000
2021-12-12 15:22:44,874 epoch 34 - iter 63/70 - loss 0.04290002 - samples/sec: 2.08 - lr: 0.050000
2021-12-12 15:22:49,418 epoch 34 - iter 70/70 - loss 0.04122894 - samples/sec: 1.54 - lr: 0.050000
2021-12-12 15:22:49,420 ----------------------------------------------------------------------------------------------------
2021-12-12 15:22:49,421 EPOCH 34 done: loss 0.0412 - lr 0.0500000
2021-12-12 15:22:51,795 DEV : loss 0.0613194964826107 - f1-score (micro avg)  0.6255
2021-12-12 15:22:51,817 BAD EPOCHS (no improvement): 3
2021-12-12 15:22:51,820 ----------------------------------------------------------------------------------------------------
2021-12-12 15:22:54,521 epoch 35 - iter 7/70 - loss 0.03515757 - samples/sec: 2.59 - lr: 0.050000
2021-12-12 15:22:56,247 epoch 35 - iter 14/70 - loss 0.04101503 - samples/sec: 4.06 - lr: 0.050000
2021-12-12 15:22:59,002 epoch 35 - iter 21/70 - loss 0.04027286 - samples/sec: 2.54 - lr: 0.050000
2021-12-12 15:23:02,829 epoch 35 - iter 28/70 - loss 0.03513538 - samples/sec: 1.83 - lr: 0.050000
2021-12-12 15:23:05,763 epoch 35 - iter 35/70 - loss 0.03495768 - samples/sec: 2.39 - lr: 0.050000
2021-12-12 15:23:08,776 epoch 35 - iter 42/70 - loss 0.03833260 - samples/sec: 2.33 - lr: 0.050000
2021-12-12 15:23:11,679 epoch 35 - iter 49/70 - loss 0.03830797 - samples/sec: 2.41 - lr: 0.050000
2021-12-12 15:23:13,115 epoch 35 - iter 56/70 - loss 0.04083534 - samples/sec: 4.88 - lr: 0.050000
2021-12-12 15:23:15,871 epoch 35 - iter 63/70 - loss 0.04076924 - samples/sec: 2.54 - lr: 0.050000
2021-12-12 15:23:18,533 epoch 35 - iter 70/70 - loss 0.04111929 - samples/sec: 2.63 - lr: 0.050000
2021-12-12 15:23:18,538 ----------------------------------------------------------------------------------------------------
2021-12-12 15:23:18,544 EPOCH 35 done: loss 0.0411 - lr 0.0500000
2021-12-12 15:23:20,929 DEV : loss 0.055750418454408646 - f1-score (micro avg)  0.6561
2021-12-12 15:23:20,955 BAD EPOCHS (no improvement): 4
2021-12-12 15:23:20,956 ----------------------------------------------------------------------------------------------------
2021-12-12 15:23:24,770 epoch 36 - iter 7/70 - loss 0.02804025 - samples/sec: 1.84 - lr: 0.025000
2021-12-12 15:23:27,463 epoch 36 - iter 14/70 - loss 0.03997375 - samples/sec: 2.60 - lr: 0.025000
2021-12-12 15:23:28,892 epoch 36 - iter 21/70 - loss 0.04262893 - samples/sec: 4.90 - lr: 0.025000
2021-12-12 15:23:31,008 epoch 36 - iter 28/70 - loss 0.04135730 - samples/sec: 3.31 - lr: 0.025000
2021-12-12 15:23:32,650 epoch 36 - iter 35/70 - loss 0.04120475 - samples/sec: 4.27 - lr: 0.025000
2021-12-12 15:23:34,612 epoch 36 - iter 42/70 - loss 0.04285075 - samples/sec: 3.57 - lr: 0.025000
2021-12-12 15:23:38,106 epoch 36 - iter 49/70 - loss 0.03956463 - samples/sec: 2.00 - lr: 0.025000
2021-12-12 15:23:40,506 epoch 36 - iter 56/70 - loss 0.03771409 - samples/sec: 2.92 - lr: 0.025000
2021-12-12 15:23:42,863 epoch 36 - iter 63/70 - loss 0.03845269 - samples/sec: 2.97 - lr: 0.025000
2021-12-12 15:23:47,466 epoch 36 - iter 70/70 - loss 0.03556280 - samples/sec: 1.52 - lr: 0.025000
2021-12-12 15:23:47,469 ----------------------------------------------------------------------------------------------------
2021-12-12 15:23:47,470 EPOCH 36 done: loss 0.0356 - lr 0.0250000
2021-12-12 15:23:49,953 DEV : loss 0.0611589178442955 - f1-score (micro avg)  0.6442
2021-12-12 15:23:49,979 BAD EPOCHS (no improvement): 1
2021-12-12 15:23:49,980 ----------------------------------------------------------------------------------------------------
2021-12-12 15:23:52,484 epoch 37 - iter 7/70 - loss 0.03021046 - samples/sec: 2.80 - lr: 0.025000
2021-12-12 15:23:55,348 epoch 37 - iter 14/70 - loss 0.03537211 - samples/sec: 2.45 - lr: 0.025000
2021-12-12 15:23:59,779 epoch 37 - iter 21/70 - loss 0.03469181 - samples/sec: 1.58 - lr: 0.025000
2021-12-12 15:24:02,793 epoch 37 - iter 28/70 - loss 0.03402511 - samples/sec: 2.32 - lr: 0.025000
2021-12-12 15:24:05,617 epoch 37 - iter 35/70 - loss 0.03432928 - samples/sec: 2.48 - lr: 0.025000
2021-12-12 15:24:09,334 epoch 37 - iter 42/70 - loss 0.03234678 - samples/sec: 1.88 - lr: 0.025000
2021-12-12 15:24:10,834 epoch 37 - iter 49/70 - loss 0.03336723 - samples/sec: 4.68 - lr: 0.025000
2021-12-12 15:24:12,389 epoch 37 - iter 56/70 - loss 0.03381976 - samples/sec: 4.50 - lr: 0.025000
2021-12-12 15:24:15,508 epoch 37 - iter 63/70 - loss 0.03295617 - samples/sec: 2.25 - lr: 0.025000
2021-12-12 15:24:18,501 epoch 37 - iter 70/70 - loss 0.03379389 - samples/sec: 2.34 - lr: 0.025000
2021-12-12 15:24:18,502 ----------------------------------------------------------------------------------------------------
2021-12-12 15:24:18,503 EPOCH 37 done: loss 0.0338 - lr 0.0250000
2021-12-12 15:24:20,797 DEV : loss 0.061732612550258636 - f1-score (micro avg)  0.622
2021-12-12 15:24:20,819 BAD EPOCHS (no improvement): 2
2021-12-12 15:24:20,821 ----------------------------------------------------------------------------------------------------
2021-12-12 15:24:23,655 epoch 38 - iter 7/70 - loss 0.03652343 - samples/sec: 2.47 - lr: 0.025000
2021-12-12 15:24:26,489 epoch 38 - iter 14/70 - loss 0.03120357 - samples/sec: 2.47 - lr: 0.025000
2021-12-12 15:24:29,308 epoch 38 - iter 21/70 - loss 0.03204263 - samples/sec: 2.48 - lr: 0.025000
2021-12-12 15:24:31,498 epoch 38 - iter 28/70 - loss 0.03318680 - samples/sec: 3.20 - lr: 0.025000
2021-12-12 15:24:33,970 epoch 38 - iter 35/70 - loss 0.03297408 - samples/sec: 2.83 - lr: 0.025000
2021-12-12 15:24:38,186 epoch 38 - iter 42/70 - loss 0.03142473 - samples/sec: 1.66 - lr: 0.025000
2021-12-12 15:24:40,787 epoch 38 - iter 49/70 - loss 0.03239613 - samples/sec: 2.69 - lr: 0.025000
2021-12-12 15:24:43,627 epoch 38 - iter 56/70 - loss 0.03425863 - samples/sec: 2.47 - lr: 0.025000
2021-12-12 15:24:45,564 epoch 38 - iter 63/70 - loss 0.03538586 - samples/sec: 3.62 - lr: 0.025000
2021-12-12 15:24:48,669 epoch 38 - iter 70/70 - loss 0.03452533 - samples/sec: 2.26 - lr: 0.025000
2021-12-12 15:24:48,670 ----------------------------------------------------------------------------------------------------
2021-12-12 15:24:48,670 EPOCH 38 done: loss 0.0345 - lr 0.0250000
2021-12-12 15:24:51,064 DEV : loss 0.06005067750811577 - f1-score (micro avg)  0.6316
2021-12-12 15:24:51,089 BAD EPOCHS (no improvement): 3
2021-12-12 15:24:51,090 ----------------------------------------------------------------------------------------------------
2021-12-12 15:24:52,825 epoch 39 - iter 7/70 - loss 0.03364503 - samples/sec: 4.04 - lr: 0.025000
2021-12-12 15:24:55,260 epoch 39 - iter 14/70 - loss 0.04785684 - samples/sec: 2.88 - lr: 0.025000
2021-12-12 15:24:57,530 epoch 39 - iter 21/70 - loss 0.04306287 - samples/sec: 3.08 - lr: 0.025000
2021-12-12 15:24:58,899 epoch 39 - iter 28/70 - loss 0.04305505 - samples/sec: 5.12 - lr: 0.025000
2021-12-12 15:25:02,327 epoch 39 - iter 35/70 - loss 0.04164255 - samples/sec: 2.04 - lr: 0.025000
2021-12-12 15:25:06,184 epoch 39 - iter 42/70 - loss 0.03627708 - samples/sec: 1.82 - lr: 0.025000
2021-12-12 15:25:10,332 epoch 39 - iter 49/70 - loss 0.03522922 - samples/sec: 1.69 - lr: 0.025000
2021-12-12 15:25:12,562 epoch 39 - iter 56/70 - loss 0.03554142 - samples/sec: 3.14 - lr: 0.025000
2021-12-12 15:25:16,075 epoch 39 - iter 63/70 - loss 0.03443743 - samples/sec: 1.99 - lr: 0.025000
2021-12-12 15:25:18,409 epoch 39 - iter 70/70 - loss 0.03363683 - samples/sec: 3.00 - lr: 0.025000
2021-12-12 15:25:18,411 ----------------------------------------------------------------------------------------------------
2021-12-12 15:25:18,411 EPOCH 39 done: loss 0.0336 - lr 0.0250000
2021-12-12 15:25:20,921 DEV : loss 0.05702127143740654 - f1-score (micro avg)  0.6459
2021-12-12 15:25:20,946 BAD EPOCHS (no improvement): 4
2021-12-12 15:25:20,947 ----------------------------------------------------------------------------------------------------
2021-12-12 15:25:24,267 epoch 40 - iter 7/70 - loss 0.03135626 - samples/sec: 2.11 - lr: 0.012500
2021-12-12 15:25:25,972 epoch 40 - iter 14/70 - loss 0.03388983 - samples/sec: 4.11 - lr: 0.012500
2021-12-12 15:25:29,743 epoch 40 - iter 21/70 - loss 0.02735382 - samples/sec: 1.86 - lr: 0.012500
2021-12-12 15:25:32,174 epoch 40 - iter 28/70 - loss 0.02928031 - samples/sec: 2.88 - lr: 0.012500
2021-12-12 15:25:35,998 epoch 40 - iter 35/70 - loss 0.02876881 - samples/sec: 1.83 - lr: 0.012500
2021-12-12 15:25:39,381 epoch 40 - iter 42/70 - loss 0.02815623 - samples/sec: 2.07 - lr: 0.012500
2021-12-12 15:25:41,582 epoch 40 - iter 49/70 - loss 0.02952460 - samples/sec: 3.18 - lr: 0.012500
2021-12-12 15:25:44,092 epoch 40 - iter 56/70 - loss 0.03086157 - samples/sec: 2.79 - lr: 0.012500
2021-12-12 15:25:45,711 epoch 40 - iter 63/70 - loss 0.03319928 - samples/sec: 4.32 - lr: 0.012500
2021-12-12 15:25:48,561 epoch 40 - iter 70/70 - loss 0.03222341 - samples/sec: 2.46 - lr: 0.012500
2021-12-12 15:25:48,563 ----------------------------------------------------------------------------------------------------
2021-12-12 15:25:48,563 EPOCH 40 done: loss 0.0322 - lr 0.0125000
2021-12-12 15:25:50,849 DEV : loss 0.060331374406814575 - f1-score (micro avg)  0.634
2021-12-12 15:25:50,872 BAD EPOCHS (no improvement): 1
2021-12-12 15:25:50,873 ----------------------------------------------------------------------------------------------------
2021-12-12 15:25:53,685 epoch 41 - iter 7/70 - loss 0.04145474 - samples/sec: 2.49 - lr: 0.012500
2021-12-12 15:25:55,414 epoch 41 - iter 14/70 - loss 0.04711464 - samples/sec: 4.05 - lr: 0.012500
2021-12-12 15:25:58,184 epoch 41 - iter 21/70 - loss 0.04193607 - samples/sec: 2.53 - lr: 0.012500
2021-12-12 15:26:01,669 epoch 41 - iter 28/70 - loss 0.03927621 - samples/sec: 2.01 - lr: 0.012500
2021-12-12 15:26:04,277 epoch 41 - iter 35/70 - loss 0.03865520 - samples/sec: 2.69 - lr: 0.012500
2021-12-12 15:26:07,357 epoch 41 - iter 42/70 - loss 0.03735571 - samples/sec: 2.27 - lr: 0.012500
2021-12-12 15:26:09,191 epoch 41 - iter 49/70 - loss 0.03810871 - samples/sec: 3.82 - lr: 0.012500
2021-12-12 15:26:12,231 epoch 41 - iter 56/70 - loss 0.03587899 - samples/sec: 2.30 - lr: 0.012500
2021-12-12 15:26:15,512 epoch 41 - iter 63/70 - loss 0.03328762 - samples/sec: 2.13 - lr: 0.012500
2021-12-12 15:26:18,699 epoch 41 - iter 70/70 - loss 0.03333896 - samples/sec: 2.20 - lr: 0.012500
2021-12-12 15:26:18,701 ----------------------------------------------------------------------------------------------------
2021-12-12 15:26:18,701 EPOCH 41 done: loss 0.0333 - lr 0.0125000
2021-12-12 15:26:20,989 DEV : loss 0.05923638865351677 - f1-score (micro avg)  0.6357
2021-12-12 15:26:21,012 BAD EPOCHS (no improvement): 2
2021-12-12 15:26:21,013 ----------------------------------------------------------------------------------------------------
2021-12-12 15:26:23,809 epoch 42 - iter 7/70 - loss 0.02587870 - samples/sec: 2.51 - lr: 0.012500
2021-12-12 15:26:27,053 epoch 42 - iter 14/70 - loss 0.02681978 - samples/sec: 2.16 - lr: 0.012500
2021-12-12 15:26:29,875 epoch 42 - iter 21/70 - loss 0.02755669 - samples/sec: 2.48 - lr: 0.012500
2021-12-12 15:26:31,803 epoch 42 - iter 28/70 - loss 0.02846289 - samples/sec: 3.63 - lr: 0.012500
2021-12-12 15:26:35,513 epoch 42 - iter 35/70 - loss 0.02936666 - samples/sec: 1.89 - lr: 0.012500
2021-12-12 15:26:38,019 epoch 42 - iter 42/70 - loss 0.02910344 - samples/sec: 2.80 - lr: 0.012500
2021-12-12 15:26:41,135 epoch 42 - iter 49/70 - loss 0.02930946 - samples/sec: 2.25 - lr: 0.012500
2021-12-12 15:26:44,041 epoch 42 - iter 56/70 - loss 0.03109994 - samples/sec: 2.41 - lr: 0.012500
2021-12-12 15:26:45,527 epoch 42 - iter 63/70 - loss 0.03170445 - samples/sec: 4.72 - lr: 0.012500
2021-12-12 15:26:48,205 epoch 42 - iter 70/70 - loss 0.03229360 - samples/sec: 2.62 - lr: 0.012500
2021-12-12 15:26:48,208 ----------------------------------------------------------------------------------------------------
2021-12-12 15:26:48,209 EPOCH 42 done: loss 0.0323 - lr 0.0125000
2021-12-12 15:26:50,820 DEV : loss 0.05986375734210014 - f1-score (micro avg)  0.6468
2021-12-12 15:26:50,846 BAD EPOCHS (no improvement): 3
2021-12-12 15:26:50,847 ----------------------------------------------------------------------------------------------------
2021-12-12 15:26:55,112 epoch 43 - iter 7/70 - loss 0.02608926 - samples/sec: 1.64 - lr: 0.012500
2021-12-12 15:26:57,507 epoch 43 - iter 14/70 - loss 0.02873938 - samples/sec: 2.93 - lr: 0.012500
2021-12-12 15:26:59,106 epoch 43 - iter 21/70 - loss 0.03426514 - samples/sec: 4.38 - lr: 0.012500
2021-12-12 15:27:01,566 epoch 43 - iter 28/70 - loss 0.03113799 - samples/sec: 2.85 - lr: 0.012500
2021-12-12 15:27:05,160 epoch 43 - iter 35/70 - loss 0.03047715 - samples/sec: 1.95 - lr: 0.012500
2021-12-12 15:27:08,857 epoch 43 - iter 42/70 - loss 0.03105397 - samples/sec: 1.90 - lr: 0.012500
2021-12-12 15:27:10,591 epoch 43 - iter 49/70 - loss 0.03187993 - samples/sec: 4.04 - lr: 0.012500
2021-12-12 15:27:13,229 epoch 43 - iter 56/70 - loss 0.03156671 - samples/sec: 2.66 - lr: 0.012500
2021-12-12 15:27:16,756 epoch 43 - iter 63/70 - loss 0.03034447 - samples/sec: 1.99 - lr: 0.012500
2021-12-12 15:27:18,179 epoch 43 - iter 70/70 - loss 0.03055732 - samples/sec: 4.92 - lr: 0.012500
2021-12-12 15:27:18,180 ----------------------------------------------------------------------------------------------------
2021-12-12 15:27:18,181 EPOCH 43 done: loss 0.0306 - lr 0.0125000
2021-12-12 15:27:20,708 DEV : loss 0.059721361845731735 - f1-score (micro avg)  0.6308
2021-12-12 15:27:20,733 BAD EPOCHS (no improvement): 4
2021-12-12 15:27:20,734 ----------------------------------------------------------------------------------------------------
2021-12-12 15:27:23,080 epoch 44 - iter 7/70 - loss 0.03212043 - samples/sec: 2.99 - lr: 0.006250
2021-12-12 15:27:27,067 epoch 44 - iter 14/70 - loss 0.03045638 - samples/sec: 1.76 - lr: 0.006250
2021-12-12 15:27:30,714 epoch 44 - iter 21/70 - loss 0.02860295 - samples/sec: 1.92 - lr: 0.006250
2021-12-12 15:27:33,768 epoch 44 - iter 28/70 - loss 0.03118589 - samples/sec: 2.29 - lr: 0.006250
2021-12-12 15:27:35,684 epoch 44 - iter 35/70 - loss 0.03317657 - samples/sec: 3.66 - lr: 0.006250
2021-12-12 15:27:38,595 epoch 44 - iter 42/70 - loss 0.03455403 - samples/sec: 2.41 - lr: 0.006250
2021-12-12 15:27:41,804 epoch 44 - iter 49/70 - loss 0.03310297 - samples/sec: 2.18 - lr: 0.006250
2021-12-12 15:27:45,356 epoch 44 - iter 56/70 - loss 0.03100001 - samples/sec: 1.97 - lr: 0.006250
2021-12-12 15:27:46,752 epoch 44 - iter 63/70 - loss 0.03225004 - samples/sec: 5.02 - lr: 0.006250
2021-12-12 15:27:48,507 epoch 44 - iter 70/70 - loss 0.03181623 - samples/sec: 3.99 - lr: 0.006250
2021-12-12 15:27:48,510 ----------------------------------------------------------------------------------------------------
2021-12-12 15:27:48,511 EPOCH 44 done: loss 0.0318 - lr 0.0062500
2021-12-12 15:27:50,932 DEV : loss 0.05986403673887253 - f1-score (micro avg)  0.6308
2021-12-12 15:27:50,956 BAD EPOCHS (no improvement): 1
2021-12-12 15:27:50,957 ----------------------------------------------------------------------------------------------------
2021-12-12 15:27:51,838 epoch 45 - iter 7/70 - loss 0.10941088 - samples/sec: 7.98 - lr: 0.006250
2021-12-12 15:27:53,154 epoch 45 - iter 14/70 - loss 0.07533941 - samples/sec: 5.32 - lr: 0.006250
2021-12-12 15:27:56,174 epoch 45 - iter 21/70 - loss 0.05059854 - samples/sec: 2.32 - lr: 0.006250
2021-12-12 15:27:59,539 epoch 45 - iter 28/70 - loss 0.04028936 - samples/sec: 2.08 - lr: 0.006250
2021-12-12 15:28:04,216 epoch 45 - iter 35/70 - loss 0.03147741 - samples/sec: 1.50 - lr: 0.006250
2021-12-12 15:28:05,994 epoch 45 - iter 42/70 - loss 0.03198692 - samples/sec: 3.95 - lr: 0.006250
2021-12-12 15:28:11,026 epoch 45 - iter 49/70 - loss 0.02890692 - samples/sec: 1.39 - lr: 0.006250
2021-12-12 15:28:12,543 epoch 45 - iter 56/70 - loss 0.02971239 - samples/sec: 4.63 - lr: 0.006250
2021-12-12 15:28:14,819 epoch 45 - iter 63/70 - loss 0.03002304 - samples/sec: 3.08 - lr: 0.006250
2021-12-12 15:28:17,949 epoch 45 - iter 70/70 - loss 0.02968078 - samples/sec: 2.24 - lr: 0.006250
2021-12-12 15:28:17,951 ----------------------------------------------------------------------------------------------------
2021-12-12 15:28:17,951 EPOCH 45 done: loss 0.0297 - lr 0.0062500
2021-12-12 15:28:20,445 DEV : loss 0.059128470718860626 - f1-score (micro avg)  0.636
2021-12-12 15:28:20,468 BAD EPOCHS (no improvement): 2
2021-12-12 15:28:20,469 ----------------------------------------------------------------------------------------------------
2021-12-12 15:28:24,164 epoch 46 - iter 7/70 - loss 0.02801380 - samples/sec: 1.90 - lr: 0.006250
2021-12-12 15:28:28,810 epoch 46 - iter 14/70 - loss 0.02193626 - samples/sec: 1.51 - lr: 0.006250
2021-12-12 15:28:30,394 epoch 46 - iter 21/70 - loss 0.02323113 - samples/sec: 4.42 - lr: 0.006250
2021-12-12 15:28:32,314 epoch 46 - iter 28/70 - loss 0.02381746 - samples/sec: 3.65 - lr: 0.006250
2021-12-12 15:28:35,373 epoch 46 - iter 35/70 - loss 0.02465149 - samples/sec: 2.29 - lr: 0.006250
2021-12-12 15:28:37,824 epoch 46 - iter 42/70 - loss 0.02706967 - samples/sec: 2.86 - lr: 0.006250
2021-12-12 15:28:41,023 epoch 46 - iter 49/70 - loss 0.02846806 - samples/sec: 2.19 - lr: 0.006250
2021-12-12 15:28:43,264 epoch 46 - iter 56/70 - loss 0.02807361 - samples/sec: 3.12 - lr: 0.006250
2021-12-12 15:28:45,288 epoch 46 - iter 63/70 - loss 0.02903593 - samples/sec: 3.46 - lr: 0.006250
2021-12-12 15:28:47,018 epoch 46 - iter 70/70 - loss 0.02973392 - samples/sec: 4.05 - lr: 0.006250
2021-12-12 15:28:47,019 ----------------------------------------------------------------------------------------------------
2021-12-12 15:28:47,019 EPOCH 46 done: loss 0.0297 - lr 0.0062500
2021-12-12 15:28:49,349 DEV : loss 0.05898909643292427 - f1-score (micro avg)  0.6332
2021-12-12 15:28:49,371 BAD EPOCHS (no improvement): 3
2021-12-12 15:28:49,372 ----------------------------------------------------------------------------------------------------
2021-12-12 15:28:51,745 epoch 47 - iter 7/70 - loss 0.03242354 - samples/sec: 2.95 - lr: 0.006250
2021-12-12 15:28:54,349 epoch 47 - iter 14/70 - loss 0.03427407 - samples/sec: 2.69 - lr: 0.006250
2021-12-12 15:28:56,446 epoch 47 - iter 21/70 - loss 0.03337674 - samples/sec: 3.34 - lr: 0.006250
2021-12-12 15:28:59,001 epoch 47 - iter 28/70 - loss 0.02912372 - samples/sec: 2.74 - lr: 0.006250
2021-12-12 15:29:02,180 epoch 47 - iter 35/70 - loss 0.02683818 - samples/sec: 2.20 - lr: 0.006250
2021-12-12 15:29:04,060 epoch 47 - iter 42/70 - loss 0.03071340 - samples/sec: 3.73 - lr: 0.006250
2021-12-12 15:29:05,324 epoch 47 - iter 49/70 - loss 0.03227735 - samples/sec: 5.54 - lr: 0.006250
2021-12-12 15:29:07,014 epoch 47 - iter 56/70 - loss 0.03259800 - samples/sec: 4.15 - lr: 0.006250
2021-12-12 15:29:11,613 epoch 47 - iter 63/70 - loss 0.03051200 - samples/sec: 1.52 - lr: 0.006250
2021-12-12 15:29:15,681 epoch 47 - iter 70/70 - loss 0.03020317 - samples/sec: 1.72 - lr: 0.006250
2021-12-12 15:29:15,684 ----------------------------------------------------------------------------------------------------
2021-12-12 15:29:15,685 EPOCH 47 done: loss 0.0302 - lr 0.0062500
2021-12-12 15:29:18,068 DEV : loss 0.05994407832622528 - f1-score (micro avg)  0.636
2021-12-12 15:29:18,090 BAD EPOCHS (no improvement): 4
2021-12-12 15:29:18,091 ----------------------------------------------------------------------------------------------------
2021-12-12 15:29:19,679 epoch 48 - iter 7/70 - loss 0.05175839 - samples/sec: 4.42 - lr: 0.003125
2021-12-12 15:29:21,998 epoch 48 - iter 14/70 - loss 0.04489037 - samples/sec: 3.02 - lr: 0.003125
2021-12-12 15:29:26,217 epoch 48 - iter 21/70 - loss 0.02999074 - samples/sec: 1.66 - lr: 0.003125
2021-12-12 15:29:27,578 epoch 48 - iter 28/70 - loss 0.03511732 - samples/sec: 5.15 - lr: 0.003125
2021-12-12 15:29:30,522 epoch 48 - iter 35/70 - loss 0.03350489 - samples/sec: 2.38 - lr: 0.003125
2021-12-12 15:29:33,967 epoch 48 - iter 42/70 - loss 0.03284952 - samples/sec: 2.03 - lr: 0.003125
2021-12-12 15:29:35,859 epoch 48 - iter 49/70 - loss 0.03311735 - samples/sec: 3.70 - lr: 0.003125
2021-12-12 15:29:37,491 epoch 48 - iter 56/70 - loss 0.03225726 - samples/sec: 4.30 - lr: 0.003125
2021-12-12 15:29:41,679 epoch 48 - iter 63/70 - loss 0.03232501 - samples/sec: 1.67 - lr: 0.003125
2021-12-12 15:29:44,602 epoch 48 - iter 70/70 - loss 0.03048285 - samples/sec: 2.40 - lr: 0.003125
2021-12-12 15:29:44,603 ----------------------------------------------------------------------------------------------------
2021-12-12 15:29:44,603 EPOCH 48 done: loss 0.0305 - lr 0.0031250
2021-12-12 15:29:47,096 DEV : loss 0.05986001715064049 - f1-score (micro avg)  0.6332
2021-12-12 15:29:47,118 BAD EPOCHS (no improvement): 1
2021-12-12 15:29:47,120 ----------------------------------------------------------------------------------------------------
2021-12-12 15:29:50,274 epoch 49 - iter 7/70 - loss 0.01694928 - samples/sec: 2.22 - lr: 0.003125
2021-12-12 15:29:52,739 epoch 49 - iter 14/70 - loss 0.02869335 - samples/sec: 2.84 - lr: 0.003125
2021-12-12 15:29:54,771 epoch 49 - iter 21/70 - loss 0.03116148 - samples/sec: 3.45 - lr: 0.003125
2021-12-12 15:29:57,902 epoch 49 - iter 28/70 - loss 0.03289156 - samples/sec: 2.24 - lr: 0.003125
2021-12-12 15:29:59,938 epoch 49 - iter 35/70 - loss 0.03323903 - samples/sec: 3.44 - lr: 0.003125
2021-12-12 15:30:01,103 epoch 49 - iter 42/70 - loss 0.03267653 - samples/sec: 6.02 - lr: 0.003125
2021-12-12 15:30:03,752 epoch 49 - iter 49/70 - loss 0.03411706 - samples/sec: 2.64 - lr: 0.003125
2021-12-12 15:30:08,016 epoch 49 - iter 56/70 - loss 0.03288563 - samples/sec: 1.64 - lr: 0.003125
2021-12-12 15:30:10,952 epoch 49 - iter 63/70 - loss 0.03281753 - samples/sec: 2.39 - lr: 0.003125
2021-12-12 15:30:13,744 epoch 49 - iter 70/70 - loss 0.03183640 - samples/sec: 2.51 - lr: 0.003125
2021-12-12 15:30:13,745 ----------------------------------------------------------------------------------------------------
2021-12-12 15:30:13,746 EPOCH 49 done: loss 0.0318 - lr 0.0031250
2021-12-12 15:30:15,986 DEV : loss 0.059835284948349 - f1-score (micro avg)  0.6412
2021-12-12 15:30:16,008 BAD EPOCHS (no improvement): 2
2021-12-12 15:30:16,010 ----------------------------------------------------------------------------------------------------
2021-12-12 15:30:19,863 epoch 50 - iter 7/70 - loss 0.02649452 - samples/sec: 1.82 - lr: 0.003125
2021-12-12 15:30:21,978 epoch 50 - iter 14/70 - loss 0.02800644 - samples/sec: 3.31 - lr: 0.003125
2021-12-12 15:30:24,179 epoch 50 - iter 21/70 - loss 0.02789717 - samples/sec: 3.18 - lr: 0.003125
2021-12-12 15:30:25,795 epoch 50 - iter 28/70 - loss 0.02827614 - samples/sec: 4.33 - lr: 0.003125
2021-12-12 15:30:29,507 epoch 50 - iter 35/70 - loss 0.03027307 - samples/sec: 1.89 - lr: 0.003125
2021-12-12 15:30:31,806 epoch 50 - iter 42/70 - loss 0.03033766 - samples/sec: 3.05 - lr: 0.003125
2021-12-12 15:30:34,065 epoch 50 - iter 49/70 - loss 0.03009360 - samples/sec: 3.10 - lr: 0.003125
2021-12-12 15:30:37,914 epoch 50 - iter 56/70 - loss 0.03037285 - samples/sec: 1.82 - lr: 0.003125
2021-12-12 15:30:41,800 epoch 50 - iter 63/70 - loss 0.02897927 - samples/sec: 1.80 - lr: 0.003125
2021-12-12 15:30:43,731 epoch 50 - iter 70/70 - loss 0.02847464 - samples/sec: 3.63 - lr: 0.003125
2021-12-12 15:30:43,733 ----------------------------------------------------------------------------------------------------
2021-12-12 15:30:43,736 EPOCH 50 done: loss 0.0285 - lr 0.0031250
2021-12-12 15:30:46,350 DEV : loss 0.059992630034685135 - f1-score (micro avg)  0.6332
2021-12-12 15:30:46,376 BAD EPOCHS (no improvement): 3
2021-12-12 15:30:46,377 ----------------------------------------------------------------------------------------------------
2021-12-12 15:30:48,560 epoch 51 - iter 7/70 - loss 0.04211268 - samples/sec: 3.21 - lr: 0.003125
2021-12-12 15:30:53,102 epoch 51 - iter 14/70 - loss 0.03188909 - samples/sec: 1.54 - lr: 0.003125
2021-12-12 15:30:54,747 epoch 51 - iter 21/70 - loss 0.03393265 - samples/sec: 4.26 - lr: 0.003125
2021-12-12 15:30:57,209 epoch 51 - iter 28/70 - loss 0.03246845 - samples/sec: 2.84 - lr: 0.003125
2021-12-12 15:31:00,635 epoch 51 - iter 35/70 - loss 0.03178906 - samples/sec: 2.04 - lr: 0.003125
2021-12-12 15:31:02,989 epoch 51 - iter 42/70 - loss 0.03123663 - samples/sec: 2.98 - lr: 0.003125
2021-12-12 15:31:04,719 epoch 51 - iter 49/70 - loss 0.03134638 - samples/sec: 4.05 - lr: 0.003125
2021-12-12 15:31:07,980 epoch 51 - iter 56/70 - loss 0.02925388 - samples/sec: 2.15 - lr: 0.003125
2021-12-12 15:31:11,033 epoch 51 - iter 63/70 - loss 0.02931791 - samples/sec: 2.29 - lr: 0.003125
2021-12-12 15:31:14,425 epoch 51 - iter 70/70 - loss 0.02812067 - samples/sec: 2.06 - lr: 0.003125
2021-12-12 15:31:14,426 ----------------------------------------------------------------------------------------------------
2021-12-12 15:31:14,426 EPOCH 51 done: loss 0.0281 - lr 0.0031250
2021-12-12 15:31:16,875 DEV : loss 0.05987180396914482 - f1-score (micro avg)  0.6388
2021-12-12 15:31:16,899 BAD EPOCHS (no improvement): 4
2021-12-12 15:31:16,899 ----------------------------------------------------------------------------------------------------
2021-12-12 15:31:20,463 epoch 52 - iter 7/70 - loss 0.03435872 - samples/sec: 1.97 - lr: 0.001563
2021-12-12 15:31:22,422 epoch 52 - iter 14/70 - loss 0.03520513 - samples/sec: 3.58 - lr: 0.001563
2021-12-12 15:31:23,222 epoch 52 - iter 21/70 - loss 0.04330197 - samples/sec: 8.77 - lr: 0.001563
2021-12-12 15:31:24,845 epoch 52 - iter 28/70 - loss 0.03980425 - samples/sec: 4.31 - lr: 0.001563
2021-12-12 15:31:27,543 epoch 52 - iter 35/70 - loss 0.03545837 - samples/sec: 2.60 - lr: 0.001563
2021-12-12 15:31:29,849 epoch 52 - iter 42/70 - loss 0.03483941 - samples/sec: 3.04 - lr: 0.001563
2021-12-12 15:31:32,512 epoch 52 - iter 49/70 - loss 0.03420680 - samples/sec: 2.63 - lr: 0.001563
2021-12-12 15:31:36,990 epoch 52 - iter 56/70 - loss 0.03017291 - samples/sec: 1.57 - lr: 0.001563
2021-12-12 15:31:40,118 epoch 52 - iter 63/70 - loss 0.03116209 - samples/sec: 2.24 - lr: 0.001563
2021-12-12 15:31:45,075 epoch 52 - iter 70/70 - loss 0.02989360 - samples/sec: 1.41 - lr: 0.001563
2021-12-12 15:31:45,077 ----------------------------------------------------------------------------------------------------
2021-12-12 15:31:45,078 EPOCH 52 done: loss 0.0299 - lr 0.0015625
2021-12-12 15:31:47,544 DEV : loss 0.05941023677587509 - f1-score (micro avg)  0.6308
2021-12-12 15:31:47,568 BAD EPOCHS (no improvement): 1
2021-12-12 15:31:47,570 ----------------------------------------------------------------------------------------------------
2021-12-12 15:31:49,677 epoch 53 - iter 7/70 - loss 0.03973610 - samples/sec: 3.33 - lr: 0.001563
2021-12-12 15:31:53,725 epoch 53 - iter 14/70 - loss 0.02636048 - samples/sec: 1.73 - lr: 0.001563
2021-12-12 15:31:55,498 epoch 53 - iter 21/70 - loss 0.02940367 - samples/sec: 3.96 - lr: 0.001563
2021-12-12 15:31:57,790 epoch 53 - iter 28/70 - loss 0.03477839 - samples/sec: 3.06 - lr: 0.001563
2021-12-12 15:31:59,814 epoch 53 - iter 35/70 - loss 0.03465668 - samples/sec: 3.46 - lr: 0.001563
2021-12-12 15:32:04,306 epoch 53 - iter 42/70 - loss 0.03149076 - samples/sec: 1.56 - lr: 0.001563
2021-12-12 15:32:06,541 epoch 53 - iter 49/70 - loss 0.03201788 - samples/sec: 3.13 - lr: 0.001563
2021-12-12 15:32:08,970 epoch 53 - iter 56/70 - loss 0.03179126 - samples/sec: 2.88 - lr: 0.001563
2021-12-12 15:32:13,229 epoch 53 - iter 63/70 - loss 0.03037820 - samples/sec: 1.64 - lr: 0.001563
2021-12-12 15:32:15,123 epoch 53 - iter 70/70 - loss 0.02993321 - samples/sec: 3.70 - lr: 0.001563
2021-12-12 15:32:15,125 ----------------------------------------------------------------------------------------------------
2021-12-12 15:32:15,126 EPOCH 53 done: loss 0.0299 - lr 0.0015625
2021-12-12 15:32:17,436 DEV : loss 0.05965719744563103 - f1-score (micro avg)  0.6336
2021-12-12 15:32:17,461 BAD EPOCHS (no improvement): 2
2021-12-12 15:32:17,462 ----------------------------------------------------------------------------------------------------
2021-12-12 15:32:21,348 epoch 54 - iter 7/70 - loss 0.02456848 - samples/sec: 1.80 - lr: 0.001563
2021-12-12 15:32:24,487 epoch 54 - iter 14/70 - loss 0.02340468 - samples/sec: 2.23 - lr: 0.001563
2021-12-12 15:32:26,369 epoch 54 - iter 21/70 - loss 0.02321334 - samples/sec: 3.72 - lr: 0.001563
2021-12-12 15:32:28,940 epoch 54 - iter 28/70 - loss 0.02389524 - samples/sec: 2.72 - lr: 0.001563
2021-12-12 15:32:29,978 epoch 54 - iter 35/70 - loss 0.02674910 - samples/sec: 6.75 - lr: 0.001563
2021-12-12 15:32:33,327 epoch 54 - iter 42/70 - loss 0.02687076 - samples/sec: 2.09 - lr: 0.001563
2021-12-12 15:32:35,667 epoch 54 - iter 49/70 - loss 0.02765043 - samples/sec: 2.99 - lr: 0.001563
2021-12-12 15:32:39,101 epoch 54 - iter 56/70 - loss 0.02749577 - samples/sec: 2.04 - lr: 0.001563
2021-12-12 15:32:41,838 epoch 54 - iter 63/70 - loss 0.02794879 - samples/sec: 2.56 - lr: 0.001563
2021-12-12 15:32:45,451 epoch 54 - iter 70/70 - loss 0.02810751 - samples/sec: 1.94 - lr: 0.001563
2021-12-12 15:32:45,453 ----------------------------------------------------------------------------------------------------
2021-12-12 15:32:45,453 EPOCH 54 done: loss 0.0281 - lr 0.0015625
2021-12-12 15:32:47,760 DEV : loss 0.059941183775663376 - f1-score (micro avg)  0.6332
2021-12-12 15:32:47,784 BAD EPOCHS (no improvement): 3
2021-12-12 15:32:47,785 ----------------------------------------------------------------------------------------------------
2021-12-12 15:32:49,793 epoch 55 - iter 7/70 - loss 0.03775187 - samples/sec: 3.49 - lr: 0.001563
2021-12-12 15:32:52,249 epoch 55 - iter 14/70 - loss 0.02910164 - samples/sec: 2.85 - lr: 0.001563
2021-12-12 15:32:55,690 epoch 55 - iter 21/70 - loss 0.03084083 - samples/sec: 2.03 - lr: 0.001563
2021-12-12 15:32:58,300 epoch 55 - iter 28/70 - loss 0.03350310 - samples/sec: 2.68 - lr: 0.001563
2021-12-12 15:33:00,986 epoch 55 - iter 35/70 - loss 0.03269360 - samples/sec: 2.61 - lr: 0.001563
2021-12-12 15:33:04,130 epoch 55 - iter 42/70 - loss 0.03123145 - samples/sec: 2.23 - lr: 0.001563
2021-12-12 15:33:06,004 epoch 55 - iter 49/70 - loss 0.03081620 - samples/sec: 3.74 - lr: 0.001563
2021-12-12 15:33:07,785 epoch 55 - iter 56/70 - loss 0.03128727 - samples/sec: 3.93 - lr: 0.001563
2021-12-12 15:33:12,055 epoch 55 - iter 63/70 - loss 0.02921362 - samples/sec: 1.64 - lr: 0.001563
2021-12-12 15:33:15,218 epoch 55 - iter 70/70 - loss 0.02845084 - samples/sec: 2.21 - lr: 0.001563
2021-12-12 15:33:15,219 ----------------------------------------------------------------------------------------------------
2021-12-12 15:33:15,219 EPOCH 55 done: loss 0.0285 - lr 0.0015625
2021-12-12 15:33:17,531 DEV : loss 0.05983903259038925 - f1-score (micro avg)  0.6332
2021-12-12 15:33:17,554 BAD EPOCHS (no improvement): 4
2021-12-12 15:33:17,555 ----------------------------------------------------------------------------------------------------
2021-12-12 15:33:20,989 epoch 56 - iter 7/70 - loss 0.03371637 - samples/sec: 2.04 - lr: 0.000781
2021-12-12 15:33:22,758 epoch 56 - iter 14/70 - loss 0.03760591 - samples/sec: 3.96 - lr: 0.000781
2021-12-12 15:33:24,950 epoch 56 - iter 21/70 - loss 0.03315757 - samples/sec: 3.20 - lr: 0.000781
2021-12-12 15:33:26,773 epoch 56 - iter 28/70 - loss 0.03597808 - samples/sec: 3.84 - lr: 0.000781
2021-12-12 15:33:29,358 epoch 56 - iter 35/70 - loss 0.03758441 - samples/sec: 2.71 - lr: 0.000781
2021-12-12 15:33:32,458 epoch 56 - iter 42/70 - loss 0.03702787 - samples/sec: 2.26 - lr: 0.000781
2021-12-12 15:33:36,852 epoch 56 - iter 49/70 - loss 0.03230823 - samples/sec: 1.59 - lr: 0.000781
2021-12-12 15:33:39,306 epoch 56 - iter 56/70 - loss 0.03237276 - samples/sec: 2.85 - lr: 0.000781
2021-12-12 15:33:42,363 epoch 56 - iter 63/70 - loss 0.03011889 - samples/sec: 2.29 - lr: 0.000781
2021-12-12 15:33:45,270 epoch 56 - iter 70/70 - loss 0.02924927 - samples/sec: 2.41 - lr: 0.000781
2021-12-12 15:33:45,274 ----------------------------------------------------------------------------------------------------
2021-12-12 15:33:45,275 EPOCH 56 done: loss 0.0292 - lr 0.0007813
2021-12-12 15:33:47,805 DEV : loss 0.059690482914447784 - f1-score (micro avg)  0.6332
2021-12-12 15:33:47,831 BAD EPOCHS (no improvement): 1
2021-12-12 15:33:47,833 ----------------------------------------------------------------------------------------------------
2021-12-12 15:33:50,887 epoch 57 - iter 7/70 - loss 0.03652623 - samples/sec: 2.29 - lr: 0.000781
2021-12-12 15:33:54,159 epoch 57 - iter 14/70 - loss 0.03005745 - samples/sec: 2.14 - lr: 0.000781
2021-12-12 15:33:56,785 epoch 57 - iter 21/70 - loss 0.03212649 - samples/sec: 2.67 - lr: 0.000781
2021-12-12 15:33:58,924 epoch 57 - iter 28/70 - loss 0.03295079 - samples/sec: 3.28 - lr: 0.000781
2021-12-12 15:34:02,769 epoch 57 - iter 35/70 - loss 0.03093355 - samples/sec: 1.82 - lr: 0.000781
2021-12-12 15:34:05,348 epoch 57 - iter 42/70 - loss 0.02904615 - samples/sec: 2.72 - lr: 0.000781
2021-12-12 15:34:08,035 epoch 57 - iter 49/70 - loss 0.02877858 - samples/sec: 2.61 - lr: 0.000781
2021-12-12 15:34:10,028 epoch 57 - iter 56/70 - loss 0.02950041 - samples/sec: 3.52 - lr: 0.000781
2021-12-12 15:34:12,460 epoch 57 - iter 63/70 - loss 0.02977575 - samples/sec: 2.88 - lr: 0.000781
2021-12-12 15:34:16,122 epoch 57 - iter 70/70 - loss 0.02915262 - samples/sec: 1.91 - lr: 0.000781
2021-12-12 15:34:16,125 ----------------------------------------------------------------------------------------------------
2021-12-12 15:34:16,127 EPOCH 57 done: loss 0.0292 - lr 0.0007813
2021-12-12 15:34:18,632 DEV : loss 0.05964178219437599 - f1-score (micro avg)  0.6357
2021-12-12 15:34:18,655 BAD EPOCHS (no improvement): 2
2021-12-12 15:34:18,656 ----------------------------------------------------------------------------------------------------
2021-12-12 15:34:21,059 epoch 58 - iter 7/70 - loss 0.02954477 - samples/sec: 2.92 - lr: 0.000781
2021-12-12 15:34:24,422 epoch 58 - iter 14/70 - loss 0.02392715 - samples/sec: 2.08 - lr: 0.000781
2021-12-12 15:34:30,652 epoch 58 - iter 21/70 - loss 0.02083167 - samples/sec: 1.12 - lr: 0.000781
2021-12-12 15:34:32,787 epoch 58 - iter 28/70 - loss 0.02165923 - samples/sec: 3.28 - lr: 0.000781
2021-12-12 15:34:34,737 epoch 58 - iter 35/70 - loss 0.02212706 - samples/sec: 3.59 - lr: 0.000781
2021-12-12 15:34:36,446 epoch 58 - iter 42/70 - loss 0.02490751 - samples/sec: 4.10 - lr: 0.000781
2021-12-12 15:34:37,932 epoch 58 - iter 49/70 - loss 0.02568568 - samples/sec: 4.72 - lr: 0.000781
2021-12-12 15:34:41,069 epoch 58 - iter 56/70 - loss 0.02431093 - samples/sec: 2.23 - lr: 0.000781
2021-12-12 15:34:44,590 epoch 58 - iter 63/70 - loss 0.02443558 - samples/sec: 1.99 - lr: 0.000781
2021-12-12 15:34:46,295 epoch 58 - iter 70/70 - loss 0.02510695 - samples/sec: 4.11 - lr: 0.000781
2021-12-12 15:34:46,296 ----------------------------------------------------------------------------------------------------
2021-12-12 15:34:46,298 EPOCH 58 done: loss 0.0251 - lr 0.0007813
2021-12-12 15:34:48,552 DEV : loss 0.059694789350032806 - f1-score (micro avg)  0.6357
2021-12-12 15:34:48,575 BAD EPOCHS (no improvement): 3
2021-12-12 15:34:48,576 ----------------------------------------------------------------------------------------------------
2021-12-12 15:34:50,908 epoch 59 - iter 7/70 - loss 0.03471301 - samples/sec: 3.00 - lr: 0.000781
2021-12-12 15:34:54,521 epoch 59 - iter 14/70 - loss 0.02796228 - samples/sec: 1.94 - lr: 0.000781
2021-12-12 15:34:57,548 epoch 59 - iter 21/70 - loss 0.02861725 - samples/sec: 2.31 - lr: 0.000781
2021-12-12 15:35:00,740 epoch 59 - iter 28/70 - loss 0.02652651 - samples/sec: 2.19 - lr: 0.000781
2021-12-12 15:35:02,655 epoch 59 - iter 35/70 - loss 0.02766203 - samples/sec: 3.66 - lr: 0.000781
2021-12-12 15:35:04,810 epoch 59 - iter 42/70 - loss 0.02839749 - samples/sec: 3.25 - lr: 0.000781
2021-12-12 15:35:07,447 epoch 59 - iter 49/70 - loss 0.02912731 - samples/sec: 2.66 - lr: 0.000781
2021-12-12 15:35:10,329 epoch 59 - iter 56/70 - loss 0.02794139 - samples/sec: 2.43 - lr: 0.000781
2021-12-12 15:35:13,455 epoch 59 - iter 63/70 - loss 0.02791211 - samples/sec: 2.24 - lr: 0.000781
2021-12-12 15:35:15,007 epoch 59 - iter 70/70 - loss 0.02773704 - samples/sec: 4.52 - lr: 0.000781
2021-12-12 15:35:15,011 ----------------------------------------------------------------------------------------------------
2021-12-12 15:35:15,012 EPOCH 59 done: loss 0.0277 - lr 0.0007813
2021-12-12 15:35:17,483 DEV : loss 0.05954897031188011 - f1-score (micro avg)  0.6332
2021-12-12 15:35:17,508 BAD EPOCHS (no improvement): 4
2021-12-12 15:35:17,509 ----------------------------------------------------------------------------------------------------
2021-12-12 15:35:19,123 epoch 60 - iter 7/70 - loss 0.07577451 - samples/sec: 4.34 - lr: 0.000391
2021-12-12 15:35:21,707 epoch 60 - iter 14/70 - loss 0.05227884 - samples/sec: 2.71 - lr: 0.000391
2021-12-12 15:35:24,565 epoch 60 - iter 21/70 - loss 0.03629812 - samples/sec: 2.45 - lr: 0.000391
2021-12-12 15:35:26,875 epoch 60 - iter 28/70 - loss 0.03278124 - samples/sec: 3.03 - lr: 0.000391
2021-12-12 15:35:30,043 epoch 60 - iter 35/70 - loss 0.02985079 - samples/sec: 2.21 - lr: 0.000391
2021-12-12 15:35:32,602 epoch 60 - iter 42/70 - loss 0.02842214 - samples/sec: 2.74 - lr: 0.000391
2021-12-12 15:35:35,527 epoch 60 - iter 49/70 - loss 0.03053953 - samples/sec: 2.39 - lr: 0.000391
2021-12-12 15:35:38,898 epoch 60 - iter 56/70 - loss 0.02851481 - samples/sec: 2.08 - lr: 0.000391
2021-12-12 15:35:41,453 epoch 60 - iter 63/70 - loss 0.02901471 - samples/sec: 2.74 - lr: 0.000391
2021-12-12 15:35:43,857 epoch 60 - iter 70/70 - loss 0.02924549 - samples/sec: 2.92 - lr: 0.000391
2021-12-12 15:35:43,858 ----------------------------------------------------------------------------------------------------
2021-12-12 15:35:43,859 EPOCH 60 done: loss 0.0292 - lr 0.0003906
2021-12-12 15:35:46,176 DEV : loss 0.059508711099624634 - f1-score (micro avg)  0.6332
2021-12-12 15:35:46,198 BAD EPOCHS (no improvement): 1
2021-12-12 15:35:47,967 ----------------------------------------------------------------------------------------------------
2021-12-12 15:35:47,971 loading file resources/taggers/sota-ner-flair/best-model.pt
2021-12-12 15:36:43,957 0.6842	0.5242	0.5936	0.4221
2021-12-12 15:36:43,959 
Results:
- F-score (micro) 0.5936
- F-score (macro) 0.5467
- Accuracy 0.4221

By class:
              precision    recall  f1-score   support

         SKI     0.6364    0.6000    0.6176        35
         NAM     0.7500    0.8571    0.8000        14
         EMA     0.7692    0.8333    0.8000        12
         LOC     0.7273    0.7273    0.7273        11
         COM     0.5000    0.2000    0.2857        15
         YOE     0.6250    0.3846    0.4762        13
         COL     0.7143    0.3846    0.5000        13
         GRA     1.0000    0.0909    0.1667        11

   micro avg     0.6842    0.5242    0.5936       124
   macro avg     0.7153    0.5097    0.5467       124
weighted avg     0.6929    0.5242    0.5583       124
 samples avg     0.4221    0.4221    0.4221       124

2021-12-12 15:36:43,959 ----------------------------------------------------------------------------------------------------
